#
# There is insufficient memory for the Java Runtime Environment to continue.
# Native memory allocation (malloc) failed to allocate 32744 bytes for Chunk::new
# Possible reasons:
#   The system is out of physical RAM or swap space
#   The process is running with CompressedOops enabled, and the Java Heap may be blocking the growth of the native heap
# Possible solutions:
#   Reduce memory load on the system
#   Increase physical memory or swap space
#   Check if swap backing store is full
#   Decrease Java heap size (-Xmx/-Xms)
#   Decrease number of Java threads
#   Decrease Java thread stack sizes (-Xss)
#   Set larger code cache with -XX:ReservedCodeCacheSize=
#   JVM is running with Unscaled Compressed Oops mode in which the Java heap is
#     placed in the first 4GB address space. The Java Heap base address is the
#     maximum limit for the native heap growth. Please use -XX:HeapBaseMinAddress
#     to set the Java Heap base and to place the Java Heap above 4GB virtual address.
# This output file may be truncated or incomplete.
#
#  Out of Memory Error (arena.cpp:184), pid=6548, tid=20404
#
# JRE version: Java(TM) SE Runtime Environment (18.0.2.1+1) (build 18.0.2.1+1-1)
# Java VM: Java HotSpot(TM) 64-Bit Server VM (18.0.2.1+1-1, mixed mode, sharing, tiered, compressed oops, compressed class ptrs, g1 gc, windows-amd64)
# No core dump will be written. Minidumps are not enabled by default on client versions of Windows
#

---------------  S U M M A R Y ------------

Command Line: -Dfile.encoding=windows-1252 --module-path=C:\Users\Acer\Documents\Downloads\mysql-connector-j-8.0.33\mysql-connector-j-8.0.33\mysql-connector-j-8.0.33.jar;C:\Users\Acer\Documents\Downloads\jcalendar-1.4.jar\jcalendar-1.4.jar -XX:+ShowCodeDetailsInExceptionMessages employee.management.system.AddEmployee

Host: Intel(R) Core(TM) i5-8300H CPU @ 2.30GHz, 8 cores, 7G,  Windows 10 , 64 bit Build 19041 (10.0.19041.3031)
Time: Tue Jul 18 12:41:28 2023 India Standard Time elapsed time: 5853.622507 seconds (0d 1h 37m 33s)

---------------  T H R E A D  ---------------

Current thread (0x000001f3a478fc30):  JavaThread "C1 CompilerThread0" daemon [_thread_in_native, id=20404, stack(0x000000bfbe900000,0x000000bfbea00000)]


Current CompileTask:
C1:5853622 1645   !   3       java.util.WeakHashMap::expungeStaleEntries (139 bytes)

Stack: [0x000000bfbe900000,0x000000bfbea00000]
Native frames: (J=compiled Java code, j=interpreted, Vv=VM code, C=native code)
V  [jvm.dll+0x6993aa]
V  [jvm.dll+0x7f46dd]
V  [jvm.dll+0x7f5fee]
V  [jvm.dll+0x7f66a3]
V  [jvm.dll+0x25cf1f]
V  [jvm.dll+0xb8c2f]
V  [jvm.dll+0xb8fa5]
V  [jvm.dll+0x171920]
V  [jvm.dll+0x17e3eb]
V  [jvm.dll+0x17e162]
V  [jvm.dll+0x1755a2]
V  [jvm.dll+0x17254e]
V  [jvm.dll+0x160490]
V  [jvm.dll+0x148f67]
V  [jvm.dll+0x1488cf]
V  [jvm.dll+0x148b26]
V  [jvm.dll+0x147f9a]
V  [jvm.dll+0x149c81]
V  [jvm.dll+0x23ee0a]
V  [jvm.dll+0x23d0f5]
V  [jvm.dll+0x7a6dd1]
V  [jvm.dll+0x7a120a]
V  [jvm.dll+0x698255]
C  [ucrtbase.dll+0x21bb2]
C  [KERNEL32.DLL+0x17614]
C  [ntdll.dll+0x526f1]


---------------  P R O C E S S  ---------------

Threads class SMR info:
_java_thread_list=0x000001f3a9d2b070, length=17, elements={
0x000001f3a475cc50, 0x000001f3a475d7c0, 0x000001f3a4774df0, 0x000001f3a47766b0,
0x000001f3a4776f60, 0x000001f3a4777950, 0x000001f3a4780680, 0x000001f3a478fc30,
0x000001f3a47c4f90, 0x000001f38674e270, 0x000001f3a8ee3af0, 0x000001f3a8f221b0,
0x000001f3a8f3c6d0, 0x000001f3a8f3fc90, 0x000001f3a9a3b860, 0x000001f38667ed80,
0x000001f3a9e2c150
}

Java Threads: ( => current thread )
  0x000001f3a475cc50 JavaThread "Reference Handler" daemon [_thread_blocked, id=5108, stack(0x000000bfbe200000,0x000000bfbe300000)]
  0x000001f3a475d7c0 JavaThread "Finalizer" daemon [_thread_blocked, id=5696, stack(0x000000bfbe300000,0x000000bfbe400000)]
  0x000001f3a4774df0 JavaThread "Signal Dispatcher" daemon [_thread_blocked, id=2276, stack(0x000000bfbe400000,0x000000bfbe500000)]
  0x000001f3a47766b0 JavaThread "Attach Listener" daemon [_thread_blocked, id=15744, stack(0x000000bfbe500000,0x000000bfbe600000)]
  0x000001f3a4776f60 JavaThread "Service Thread" daemon [_thread_blocked, id=16316, stack(0x000000bfbe600000,0x000000bfbe700000)]
  0x000001f3a4777950 JavaThread "Monitor Deflation Thread" daemon [_thread_blocked, id=7860, stack(0x000000bfbe700000,0x000000bfbe800000)]
  0x000001f3a4780680 JavaThread "C2 CompilerThread0" daemon [_thread_blocked, id=21124, stack(0x000000bfbe800000,0x000000bfbe900000)]
=>0x000001f3a478fc30 JavaThread "C1 CompilerThread0" daemon [_thread_in_native, id=20404, stack(0x000000bfbe900000,0x000000bfbea00000)]
  0x000001f3a47c4f90 JavaThread "Sweeper thread" daemon [_thread_blocked, id=19724, stack(0x000000bfbea00000,0x000000bfbeb00000)]
  0x000001f38674e270 JavaThread "Common-Cleaner" daemon [_thread_blocked, id=10312, stack(0x000000bfbeb00000,0x000000bfbec00000)]
  0x000001f3a8ee3af0 JavaThread "Notification Thread" daemon [_thread_blocked, id=18260, stack(0x000000bfbee00000,0x000000bfbef00000)]
  0x000001f3a8f221b0 JavaThread "Java2D Disposer" daemon [_thread_blocked, id=20648, stack(0x000000bfbf000000,0x000000bfbf100000)]
  0x000001f3a8f3c6d0 JavaThread "AWT-Shutdown" [_thread_blocked, id=7356, stack(0x000000bfbf100000,0x000000bfbf200000)]
  0x000001f3a8f3fc90 JavaThread "AWT-Windows" daemon [_thread_in_native, id=19340, stack(0x000000bfbf200000,0x000000bfbf300000)]
  0x000001f3a9a3b860 JavaThread "AWT-EventQueue-0" [_thread_blocked, id=10996, stack(0x000000bfbf300000,0x000000bfbf400000)]
  0x000001f38667ed80 JavaThread "DestroyJavaVM" [_thread_blocked, id=18052, stack(0x000000bfbdb00000,0x000000bfbdc00000)]
  0x000001f3a9e2c150 JavaThread "TimerQueue" daemon [_thread_blocked, id=9796, stack(0x000000bfc0000000,0x000000bfc0100000)]

Other Threads:
  0x000001f3a4759d40 VMThread "VM Thread" [stack: 0x000000bfbe100000,0x000000bfbe200000] [id=12984]
  0x000001f3a8df61a0 WatcherThread "VM Periodic Task Thread" [stack: 0x000000bfbef00000,0x000000bfbf000000] [id=16888]
  0x000001f3866dddb0 WorkerThread "GC Thread#0" [stack: 0x000000bfbdc00000,0x000000bfbdd00000] [id=2788]
  0x000001f3a9ef9d00 WorkerThread "GC Thread#1" [stack: 0x000000bfbf800000,0x000000bfbf900000] [id=17240]
  0x000001f3aa0ebc70 WorkerThread "GC Thread#2" [stack: 0x000000bfbf900000,0x000000bfbfa00000] [id=10900]
  0x000001f3aa8170a0 WorkerThread "GC Thread#3" [stack: 0x000000bfbfa00000,0x000000bfbfb00000] [id=11616]
  0x000001f3aa817340 WorkerThread "GC Thread#4" [stack: 0x000000bfbfb00000,0x000000bfbfc00000] [id=1140]
  0x000001f3aa883d20 WorkerThread "GC Thread#5" [stack: 0x000000bfbfc00000,0x000000bfbfd00000] [id=9492]
  0x000001f3aa985f90 WorkerThread "GC Thread#6" [stack: 0x000000bfbfd00000,0x000000bfbfe00000] [id=528]
  0x000001f3aa9d29b0 WorkerThread "GC Thread#7" [stack: 0x000000bfbfe00000,0x000000bfbff00000] [id=20024]
  0x000001f3866efee0 ConcurrentGCThread "G1 Main Marker" [stack: 0x000000bfbdd00000,0x000000bfbde00000] [id=19448]
  0x000001f3866f17f0 WorkerThread "G1 Conc#0" [stack: 0x000000bfbde00000,0x000000bfbdf00000] [id=20228]
  0x000001f3867416a0 ConcurrentGCThread "G1 Refine#0" [stack: 0x000000bfbdf00000,0x000000bfbe000000] [id=20076]
  0x000001f3aabcdb50 ConcurrentGCThread "G1 Refine#1" [stack: 0x000000bfbff00000,0x000000bfc0000000] [id=13148]
  0x000001f386741ec0 ConcurrentGCThread "G1 Service" [stack: 0x000000bfbe000000,0x000000bfbe100000] [id=12612]

Threads with active compile tasks:
C1 CompilerThread0  5853676 1645   !   3       java.util.WeakHashMap::expungeStaleEntries (139 bytes)

VM state: not at safepoint (normal execution)

VM Mutex/Monitor currently owned by a thread: None

Heap address: 0x0000000082600000, size: 2010 MB, Compressed Oops mode: 32-bit

CDS archive(s) mapped at: [0x0000000800000000-0x0000000800ba0000-0x0000000800ba0000), size 12189696, SharedBaseAddress: 0x0000000800000000, ArchiveRelocationMode: 0.
Compressed class space mapped at: 0x0000000800c00000-0x0000000840c00000, reserved size: 1073741824
Narrow klass base: 0x0000000800000000, Narrow klass shift: 0, Narrow klass range: 0x100000000

GC Precious Log:
 CardTable entry size: 512
 Card Set container configuration: InlinePtr #cards 5 size 8 Array Of Cards #cards 12 size 40 Howl #buckets 4 coarsen threshold 1843 Howl Bitmap #cards 512 size 80 coarsen threshold 460 Card regions per heap region 1 cards per card region 2048
 CPUs: 8 total, 8 available
 Memory: 8034M
 Large Page Support: Disabled
 NUMA Support: Disabled
 Compressed Oops: Enabled (32-bit)
 Heap Region Size: 1M
 Heap Min Capacity: 8M
 Heap Initial Capacity: 126M
 Heap Max Capacity: 2010M
 Pre-touch: Disabled
 Parallel Workers: 8
 Concurrent Workers: 2
 Concurrent Refinement Workers: 8
 Periodic GC: Disabled

Heap:
 garbage-first heap   total 129024K, used 9973K [0x0000000082600000, 0x0000000100000000)
  region size 1024K, 5 young (5120K), 3 survivors (3072K)
 Metaspace       used 10139K, committed 10368K, reserved 1114112K
  class space    used 1206K, committed 1344K, reserved 1048576K

Heap Regions: E=young(eden), S=young(survivor), O=old, HS=humongous(starts), HC=humongous(continues), CS=collection set, F=free, OA=open archive, CA=closed archive, TAMS=top-at-mark-start (previous, next)
|   0|0x0000000082600000, 0x0000000082700000, 0x0000000082700000|100%|HS|  |TAMS 0x0000000082600000, 0x0000000082600000| Complete 
|   1|0x0000000082700000, 0x0000000082800000, 0x0000000082800000|100%|HC|  |TAMS 0x0000000082700000, 0x0000000082700000| Complete 
|   2|0x0000000082800000, 0x0000000082900000, 0x0000000082900000|100%|HC|  |TAMS 0x0000000082800000, 0x0000000082800000| Complete 
|   3|0x0000000082900000, 0x0000000082a00000, 0x0000000082a00000|100%|HC|  |TAMS 0x0000000082900000, 0x0000000082900000| Complete 
|   4|0x0000000082a00000, 0x0000000082b00000, 0x0000000082b00000|100%| O|  |TAMS 0x0000000082a00000, 0x0000000082a00000| Untracked 
|   5|0x0000000082b00000, 0x0000000082bbd400, 0x0000000082c00000| 73%| O|  |TAMS 0x0000000082b00000, 0x0000000082b00000| Untracked 
|   6|0x0000000082c00000, 0x0000000082c00000, 0x0000000082d00000|  0%| F|  |TAMS 0x0000000082c00000, 0x0000000082c00000| Untracked 
|   7|0x0000000082d00000, 0x0000000082d00000, 0x0000000082e00000|  0%| F|  |TAMS 0x0000000082d00000, 0x0000000082d00000| Untracked 
|   8|0x0000000082e00000, 0x0000000082e00000, 0x0000000082f00000|  0%| F|  |TAMS 0x0000000082e00000, 0x0000000082e00000| Untracked 
|   9|0x0000000082f00000, 0x0000000082f00000, 0x0000000083000000|  0%| F|  |TAMS 0x0000000082f00000, 0x0000000082f00000| Untracked 
|  10|0x0000000083000000, 0x0000000083000000, 0x0000000083100000|  0%| F|  |TAMS 0x0000000083000000, 0x0000000083000000| Untracked 
|  11|0x0000000083100000, 0x0000000083100000, 0x0000000083200000|  0%| F|  |TAMS 0x0000000083100000, 0x0000000083100000| Untracked 
|  12|0x0000000083200000, 0x0000000083200000, 0x0000000083300000|  0%| F|  |TAMS 0x0000000083200000, 0x0000000083200000| Untracked 
|  13|0x0000000083300000, 0x0000000083300000, 0x0000000083400000|  0%| F|  |TAMS 0x0000000083300000, 0x0000000083300000| Untracked 
|  14|0x0000000083400000, 0x0000000083400000, 0x0000000083500000|  0%| F|  |TAMS 0x0000000083400000, 0x0000000083400000| Untracked 
|  15|0x0000000083500000, 0x0000000083500000, 0x0000000083600000|  0%| F|  |TAMS 0x0000000083500000, 0x0000000083500000| Untracked 
|  16|0x0000000083600000, 0x0000000083600000, 0x0000000083700000|  0%| F|  |TAMS 0x0000000083600000, 0x0000000083600000| Untracked 
|  17|0x0000000083700000, 0x0000000083700000, 0x0000000083800000|  0%| F|  |TAMS 0x0000000083700000, 0x0000000083700000| Untracked 
|  18|0x0000000083800000, 0x0000000083800000, 0x0000000083900000|  0%| F|  |TAMS 0x0000000083800000, 0x0000000083800000| Untracked 
|  19|0x0000000083900000, 0x0000000083900000, 0x0000000083a00000|  0%| F|  |TAMS 0x0000000083900000, 0x0000000083900000| Untracked 
|  20|0x0000000083a00000, 0x0000000083a00000, 0x0000000083b00000|  0%| F|  |TAMS 0x0000000083a00000, 0x0000000083a00000| Untracked 
|  21|0x0000000083b00000, 0x0000000083b00000, 0x0000000083c00000|  0%| F|  |TAMS 0x0000000083b00000, 0x0000000083b00000| Untracked 
|  22|0x0000000083c00000, 0x0000000083c00000, 0x0000000083d00000|  0%| F|  |TAMS 0x0000000083c00000, 0x0000000083c00000| Untracked 
|  23|0x0000000083d00000, 0x0000000083d00000, 0x0000000083e00000|  0%| F|  |TAMS 0x0000000083d00000, 0x0000000083d00000| Untracked 
|  24|0x0000000083e00000, 0x0000000083e00000, 0x0000000083f00000|  0%| F|  |TAMS 0x0000000083e00000, 0x0000000083e00000| Untracked 
|  25|0x0000000083f00000, 0x0000000083f00000, 0x0000000084000000|  0%| F|  |TAMS 0x0000000083f00000, 0x0000000083f00000| Untracked 
|  26|0x0000000084000000, 0x0000000084000000, 0x0000000084100000|  0%| F|  |TAMS 0x0000000084000000, 0x0000000084000000| Untracked 
|  27|0x0000000084100000, 0x0000000084100000, 0x0000000084200000|  0%| F|  |TAMS 0x0000000084100000, 0x0000000084100000| Untracked 
|  28|0x0000000084200000, 0x0000000084200000, 0x0000000084300000|  0%| F|  |TAMS 0x0000000084200000, 0x0000000084200000| Untracked 
|  29|0x0000000084300000, 0x0000000084300000, 0x0000000084400000|  0%| F|  |TAMS 0x0000000084300000, 0x0000000084300000| Untracked 
|  30|0x0000000084400000, 0x0000000084400000, 0x0000000084500000|  0%| F|  |TAMS 0x0000000084400000, 0x0000000084400000| Untracked 
|  31|0x0000000084500000, 0x0000000084500000, 0x0000000084600000|  0%| F|  |TAMS 0x0000000084500000, 0x0000000084500000| Untracked 
|  32|0x0000000084600000, 0x0000000084600000, 0x0000000084700000|  0%| F|  |TAMS 0x0000000084600000, 0x0000000084600000| Untracked 
|  33|0x0000000084700000, 0x0000000084700000, 0x0000000084800000|  0%| F|  |TAMS 0x0000000084700000, 0x0000000084700000| Untracked 
|  34|0x0000000084800000, 0x0000000084800000, 0x0000000084900000|  0%| F|  |TAMS 0x0000000084800000, 0x0000000084800000| Untracked 
|  35|0x0000000084900000, 0x0000000084900000, 0x0000000084a00000|  0%| F|  |TAMS 0x0000000084900000, 0x0000000084900000| Untracked 
|  36|0x0000000084a00000, 0x0000000084a00000, 0x0000000084b00000|  0%| F|  |TAMS 0x0000000084a00000, 0x0000000084a00000| Untracked 
|  37|0x0000000084b00000, 0x0000000084b00000, 0x0000000084c00000|  0%| F|  |TAMS 0x0000000084b00000, 0x0000000084b00000| Untracked 
|  38|0x0000000084c00000, 0x0000000084c00000, 0x0000000084d00000|  0%| F|  |TAMS 0x0000000084c00000, 0x0000000084c00000| Untracked 
|  39|0x0000000084d00000, 0x0000000084d00000, 0x0000000084e00000|  0%| F|  |TAMS 0x0000000084d00000, 0x0000000084d00000| Untracked 
|  40|0x0000000084e00000, 0x0000000084e00000, 0x0000000084f00000|  0%| F|  |TAMS 0x0000000084e00000, 0x0000000084e00000| Untracked 
|  41|0x0000000084f00000, 0x0000000084f00000, 0x0000000085000000|  0%| F|  |TAMS 0x0000000084f00000, 0x0000000084f00000| Untracked 
|  42|0x0000000085000000, 0x0000000085000000, 0x0000000085100000|  0%| F|  |TAMS 0x0000000085000000, 0x0000000085000000| Untracked 
|  43|0x0000000085100000, 0x0000000085100000, 0x0000000085200000|  0%| F|  |TAMS 0x0000000085100000, 0x0000000085100000| Untracked 
|  44|0x0000000085200000, 0x0000000085200000, 0x0000000085300000|  0%| F|  |TAMS 0x0000000085200000, 0x0000000085200000| Untracked 
|  45|0x0000000085300000, 0x0000000085300000, 0x0000000085400000|  0%| F|  |TAMS 0x0000000085300000, 0x0000000085300000| Untracked 
|  46|0x0000000085400000, 0x0000000085400000, 0x0000000085500000|  0%| F|  |TAMS 0x0000000085400000, 0x0000000085400000| Untracked 
|  47|0x0000000085500000, 0x0000000085500000, 0x0000000085600000|  0%| F|  |TAMS 0x0000000085500000, 0x0000000085500000| Untracked 
|  48|0x0000000085600000, 0x0000000085600000, 0x0000000085700000|  0%| F|  |TAMS 0x0000000085600000, 0x0000000085600000| Untracked 
|  49|0x0000000085700000, 0x0000000085700000, 0x0000000085800000|  0%| F|  |TAMS 0x0000000085700000, 0x0000000085700000| Untracked 
|  50|0x0000000085800000, 0x0000000085800000, 0x0000000085900000|  0%| F|  |TAMS 0x0000000085800000, 0x0000000085800000| Untracked 
|  51|0x0000000085900000, 0x0000000085900000, 0x0000000085a00000|  0%| F|  |TAMS 0x0000000085900000, 0x0000000085900000| Untracked 
|  52|0x0000000085a00000, 0x0000000085a00000, 0x0000000085b00000|  0%| F|  |TAMS 0x0000000085a00000, 0x0000000085a00000| Untracked 
|  53|0x0000000085b00000, 0x0000000085b00000, 0x0000000085c00000|  0%| F|  |TAMS 0x0000000085b00000, 0x0000000085b00000| Untracked 
|  54|0x0000000085c00000, 0x0000000085c00000, 0x0000000085d00000|  0%| F|  |TAMS 0x0000000085c00000, 0x0000000085c00000| Untracked 
|  55|0x0000000085d00000, 0x0000000085d00000, 0x0000000085e00000|  0%| F|  |TAMS 0x0000000085d00000, 0x0000000085d00000| Untracked 
|  56|0x0000000085e00000, 0x0000000085e00000, 0x0000000085f00000|  0%| F|  |TAMS 0x0000000085e00000, 0x0000000085e00000| Untracked 
|  57|0x0000000085f00000, 0x0000000085f00000, 0x0000000086000000|  0%| F|  |TAMS 0x0000000085f00000, 0x0000000085f00000| Untracked 
|  58|0x0000000086000000, 0x0000000086000000, 0x0000000086100000|  0%| F|  |TAMS 0x0000000086000000, 0x0000000086000000| Untracked 
|  59|0x0000000086100000, 0x0000000086100000, 0x0000000086200000|  0%| F|  |TAMS 0x0000000086100000, 0x0000000086100000| Untracked 
|  60|0x0000000086200000, 0x0000000086200000, 0x0000000086300000|  0%| F|  |TAMS 0x0000000086200000, 0x0000000086200000| Untracked 
|  61|0x0000000086300000, 0x0000000086300000, 0x0000000086400000|  0%| F|  |TAMS 0x0000000086300000, 0x0000000086300000| Untracked 
|  62|0x0000000086400000, 0x0000000086400000, 0x0000000086500000|  0%| F|  |TAMS 0x0000000086400000, 0x0000000086400000| Untracked 
|  63|0x0000000086500000, 0x0000000086500000, 0x0000000086600000|  0%| F|  |TAMS 0x0000000086500000, 0x0000000086500000| Untracked 
|  64|0x0000000086600000, 0x0000000086600000, 0x0000000086700000|  0%| F|  |TAMS 0x0000000086600000, 0x0000000086600000| Untracked 
|  65|0x0000000086700000, 0x0000000086700000, 0x0000000086800000|  0%| F|  |TAMS 0x0000000086700000, 0x0000000086700000| Untracked 
|  66|0x0000000086800000, 0x0000000086800000, 0x0000000086900000|  0%| F|  |TAMS 0x0000000086800000, 0x0000000086800000| Untracked 
|  67|0x0000000086900000, 0x0000000086900000, 0x0000000086a00000|  0%| F|  |TAMS 0x0000000086900000, 0x0000000086900000| Untracked 
|  68|0x0000000086a00000, 0x0000000086a00000, 0x0000000086b00000|  0%| F|  |TAMS 0x0000000086a00000, 0x0000000086a00000| Untracked 
|  69|0x0000000086b00000, 0x0000000086b00000, 0x0000000086c00000|  0%| F|  |TAMS 0x0000000086b00000, 0x0000000086b00000| Untracked 
|  70|0x0000000086c00000, 0x0000000086c00000, 0x0000000086d00000|  0%| F|  |TAMS 0x0000000086c00000, 0x0000000086c00000| Untracked 
|  71|0x0000000086d00000, 0x0000000086d00000, 0x0000000086e00000|  0%| F|  |TAMS 0x0000000086d00000, 0x0000000086d00000| Untracked 
|  72|0x0000000086e00000, 0x0000000086e00000, 0x0000000086f00000|  0%| F|  |TAMS 0x0000000086e00000, 0x0000000086e00000| Untracked 
|  73|0x0000000086f00000, 0x0000000086f00000, 0x0000000087000000|  0%| F|  |TAMS 0x0000000086f00000, 0x0000000086f00000| Untracked 
|  74|0x0000000087000000, 0x0000000087000000, 0x0000000087100000|  0%| F|  |TAMS 0x0000000087000000, 0x0000000087000000| Untracked 
|  75|0x0000000087100000, 0x0000000087100000, 0x0000000087200000|  0%| F|  |TAMS 0x0000000087100000, 0x0000000087100000| Untracked 
|  76|0x0000000087200000, 0x0000000087200000, 0x0000000087300000|  0%| F|  |TAMS 0x0000000087200000, 0x0000000087200000| Untracked 
|  77|0x0000000087300000, 0x0000000087300000, 0x0000000087400000|  0%| F|  |TAMS 0x0000000087300000, 0x0000000087300000| Untracked 
|  78|0x0000000087400000, 0x0000000087400000, 0x0000000087500000|  0%| F|  |TAMS 0x0000000087400000, 0x0000000087400000| Untracked 
|  79|0x0000000087500000, 0x0000000087500000, 0x0000000087600000|  0%| F|  |TAMS 0x0000000087500000, 0x0000000087500000| Untracked 
|  80|0x0000000087600000, 0x0000000087600000, 0x0000000087700000|  0%| F|  |TAMS 0x0000000087600000, 0x0000000087600000| Untracked 
|  81|0x0000000087700000, 0x0000000087700000, 0x0000000087800000|  0%| F|  |TAMS 0x0000000087700000, 0x0000000087700000| Untracked 
|  82|0x0000000087800000, 0x0000000087800000, 0x0000000087900000|  0%| F|  |TAMS 0x0000000087800000, 0x0000000087800000| Untracked 
|  83|0x0000000087900000, 0x0000000087900000, 0x0000000087a00000|  0%| F|  |TAMS 0x0000000087900000, 0x0000000087900000| Untracked 
|  84|0x0000000087a00000, 0x0000000087a00000, 0x0000000087b00000|  0%| F|  |TAMS 0x0000000087a00000, 0x0000000087a00000| Untracked 
|  85|0x0000000087b00000, 0x0000000087b00000, 0x0000000087c00000|  0%| F|  |TAMS 0x0000000087b00000, 0x0000000087b00000| Untracked 
|  86|0x0000000087c00000, 0x0000000087c00000, 0x0000000087d00000|  0%| F|  |TAMS 0x0000000087c00000, 0x0000000087c00000| Untracked 
|  87|0x0000000087d00000, 0x0000000087d00000, 0x0000000087e00000|  0%| F|  |TAMS 0x0000000087d00000, 0x0000000087d00000| Untracked 
|  88|0x0000000087e00000, 0x0000000087e00000, 0x0000000087f00000|  0%| F|  |TAMS 0x0000000087e00000, 0x0000000087e00000| Untracked 
|  89|0x0000000087f00000, 0x0000000087f00000, 0x0000000088000000|  0%| F|  |TAMS 0x0000000087f00000, 0x0000000087f00000| Untracked 
|  90|0x0000000088000000, 0x0000000088000000, 0x0000000088100000|  0%| F|  |TAMS 0x0000000088000000, 0x0000000088000000| Untracked 
|  91|0x0000000088100000, 0x0000000088100000, 0x0000000088200000|  0%| F|  |TAMS 0x0000000088100000, 0x0000000088100000| Untracked 
|  92|0x0000000088200000, 0x0000000088200000, 0x0000000088300000|  0%| F|  |TAMS 0x0000000088200000, 0x0000000088200000| Untracked 
|  93|0x0000000088300000, 0x0000000088300000, 0x0000000088400000|  0%| F|  |TAMS 0x0000000088300000, 0x0000000088300000| Untracked 
|  94|0x0000000088400000, 0x0000000088400000, 0x0000000088500000|  0%| F|  |TAMS 0x0000000088400000, 0x0000000088400000| Untracked 
|  95|0x0000000088500000, 0x0000000088500000, 0x0000000088600000|  0%| F|  |TAMS 0x0000000088500000, 0x0000000088500000| Untracked 
|  96|0x0000000088600000, 0x0000000088600000, 0x0000000088700000|  0%| F|  |TAMS 0x0000000088600000, 0x0000000088600000| Untracked 
|  97|0x0000000088700000, 0x0000000088700000, 0x0000000088800000|  0%| F|  |TAMS 0x0000000088700000, 0x0000000088700000| Untracked 
|  98|0x0000000088800000, 0x0000000088800000, 0x0000000088900000|  0%| F|  |TAMS 0x0000000088800000, 0x0000000088800000| Untracked 
|  99|0x0000000088900000, 0x0000000088900000, 0x0000000088a00000|  0%| F|  |TAMS 0x0000000088900000, 0x0000000088900000| Untracked 
| 100|0x0000000088a00000, 0x0000000088b00000, 0x0000000088b00000|100%| S|CS|TAMS 0x0000000088a00000, 0x0000000088a00000| Complete 
| 101|0x0000000088b00000, 0x0000000088c00000, 0x0000000088c00000|100%| S|CS|TAMS 0x0000000088b00000, 0x0000000088b00000| Complete 
| 102|0x0000000088c00000, 0x0000000088d00000, 0x0000000088d00000|100%| S|CS|TAMS 0x0000000088c00000, 0x0000000088c00000| Complete 
| 103|0x0000000088d00000, 0x0000000088d00000, 0x0000000088e00000|  0%| F|  |TAMS 0x0000000088d00000, 0x0000000088d00000| Untracked 
| 104|0x0000000088e00000, 0x0000000088e00000, 0x0000000088f00000|  0%| F|  |TAMS 0x0000000088e00000, 0x0000000088e00000| Untracked 
| 105|0x0000000088f00000, 0x0000000088f00000, 0x0000000089000000|  0%| F|  |TAMS 0x0000000088f00000, 0x0000000088f00000| Untracked 
| 106|0x0000000089000000, 0x0000000089000000, 0x0000000089100000|  0%| F|  |TAMS 0x0000000089000000, 0x0000000089000000| Untracked 
| 107|0x0000000089100000, 0x0000000089100000, 0x0000000089200000|  0%| F|  |TAMS 0x0000000089100000, 0x0000000089100000| Untracked 
| 108|0x0000000089200000, 0x0000000089200000, 0x0000000089300000|  0%| F|  |TAMS 0x0000000089200000, 0x0000000089200000| Untracked 
| 109|0x0000000089300000, 0x0000000089300000, 0x0000000089400000|  0%| F|  |TAMS 0x0000000089300000, 0x0000000089300000| Untracked 
| 110|0x0000000089400000, 0x0000000089400000, 0x0000000089500000|  0%| F|  |TAMS 0x0000000089400000, 0x0000000089400000| Untracked 
| 111|0x0000000089500000, 0x0000000089500000, 0x0000000089600000|  0%| F|  |TAMS 0x0000000089500000, 0x0000000089500000| Untracked 
| 112|0x0000000089600000, 0x0000000089600000, 0x0000000089700000|  0%| F|  |TAMS 0x0000000089600000, 0x0000000089600000| Untracked 
| 113|0x0000000089700000, 0x0000000089700000, 0x0000000089800000|  0%| F|  |TAMS 0x0000000089700000, 0x0000000089700000| Untracked 
| 114|0x0000000089800000, 0x0000000089800000, 0x0000000089900000|  0%| F|  |TAMS 0x0000000089800000, 0x0000000089800000| Untracked 
| 115|0x0000000089900000, 0x0000000089900000, 0x0000000089a00000|  0%| F|  |TAMS 0x0000000089900000, 0x0000000089900000| Untracked 
| 116|0x0000000089a00000, 0x0000000089a00000, 0x0000000089b00000|  0%| F|  |TAMS 0x0000000089a00000, 0x0000000089a00000| Untracked 
| 117|0x0000000089b00000, 0x0000000089b00000, 0x0000000089c00000|  0%| F|  |TAMS 0x0000000089b00000, 0x0000000089b00000| Untracked 
| 118|0x0000000089c00000, 0x0000000089c00000, 0x0000000089d00000|  0%| F|  |TAMS 0x0000000089c00000, 0x0000000089c00000| Untracked 
| 119|0x0000000089d00000, 0x0000000089d00000, 0x0000000089e00000|  0%| F|  |TAMS 0x0000000089d00000, 0x0000000089d00000| Untracked 
| 120|0x0000000089e00000, 0x0000000089e00000, 0x0000000089f00000|  0%| F|  |TAMS 0x0000000089e00000, 0x0000000089e00000| Untracked 
| 121|0x0000000089f00000, 0x0000000089f00000, 0x000000008a000000|  0%| F|  |TAMS 0x0000000089f00000, 0x0000000089f00000| Untracked 
| 122|0x000000008a000000, 0x000000008a000000, 0x000000008a100000|  0%| F|  |TAMS 0x000000008a000000, 0x000000008a000000| Untracked 
| 123|0x000000008a100000, 0x000000008a100000, 0x000000008a200000|  0%| F|  |TAMS 0x000000008a100000, 0x000000008a100000| Untracked 
| 124|0x000000008a200000, 0x000000008a266ef8, 0x000000008a300000| 40%| E|  |TAMS 0x000000008a200000, 0x000000008a200000| Complete 
| 125|0x000000008a300000, 0x000000008a400000, 0x000000008a400000|100%| E|CS|TAMS 0x000000008a300000, 0x000000008a300000| Complete 

Card table byte_map: [0x000001f39d6e0000,0x000001f39dad0000] _byte_map_base: 0x000001f39d2cd000

Marking Bits (Prev, Next): (CMBitMap*) 0x000001f3866dfa70, (CMBitMap*) 0x000001f3866dfab0
 Prev Bits: [0x000001f39dec0000, 0x000001f39fe28000)
 Next Bits: [0x000001f39fe30000, 0x000001f3a1d98000)

Polling page: 0x000001f385e50000

Metaspace:

Usage:
  Non-class:      8.72 MB used.
      Class:      1.18 MB used.
       Both:      9.90 MB used.

Virtual space:
  Non-class space:       64.00 MB reserved,       8.81 MB ( 14%) committed,  1 nodes.
      Class space:        1.00 GB reserved,       1.31 MB ( <1%) committed,  1 nodes.
             Both:        1.06 GB reserved,      10.12 MB ( <1%) committed. 

Chunk freelists:
   Non-Class:  3.00 MB
       Class:  2.72 MB
        Both:  5.73 MB

MaxMetaspaceSize: unlimited
CompressedClassSpaceSize: 1.00 GB
Initial GC threshold: 21.00 MB
Current GC threshold: 21.00 MB
CDS: on
MetaspaceReclaimPolicy: balanced
 - commit_granule_bytes: 65536.
 - commit_granule_words: 8192.
 - virtual_space_node_default_size: 8388608.
 - enlarge_chunks_in_place: 1.
 - new_chunks_are_fully_committed: 0.
 - uncommit_free_chunks: 1.
 - use_allocation_guard: 0.


Internal statistics:

num_allocs_failed_limit: 0.
num_arena_births: 132.
num_arena_deaths: 0.
num_vsnodes_births: 2.
num_vsnodes_deaths: 0.
num_space_committed: 162.
num_space_uncommitted: 0.
num_chunks_returned_to_freelist: 0.
num_chunks_taken_from_freelist: 200.
num_chunk_merges: 0.
num_chunk_splits: 113.
num_chunks_enlarged: 45.
num_inconsistent_stats: 0.

CodeHeap 'non-profiled nmethods': size=120000Kb used=614Kb max_used=614Kb free=119385Kb
 bounds [0x000001f395a90000, 0x000001f395d00000, 0x000001f39cfc0000]
CodeHeap 'profiled nmethods': size=120000Kb used=2782Kb max_used=2782Kb free=117218Kb
 bounds [0x000001f38e560000, 0x000001f38e820000, 0x000001f395a90000]
CodeHeap 'non-nmethods': size=5760Kb used=1299Kb max_used=1357Kb free=4460Kb
 bounds [0x000001f38dfc0000, 0x000001f38e230000, 0x000001f38e560000]
 total_blobs=2268 nmethods=1644 adapters=537
 compilation: enabled
              stopped_count=0, restarted_count=0
 full_count=0

Compilation events (20 events):
Event: 3.894 Thread 0x000001f3a478fc30 nmethod 1635 0x000001f38e814290 code [0x000001f38e814440, 0x000001f38e814758]
Event: 3.894 Thread 0x000001f3a478fc30 1636       3       java.awt.Component::getGraphicsConfiguration (5 bytes)
Event: 3.894 Thread 0x000001f3a478fc30 nmethod 1636 0x000001f38e814810 code [0x000001f38e8149a0, 0x000001f38e814ab8]
Event: 4.020 Thread 0x000001f3a478fc30 1637       3       sun.util.locale.BaseLocale::getInstance (150 bytes)
Event: 4.020 Thread 0x000001f3a478fc30 nmethod 1637 0x000001f38e814b90 code [0x000001f38e814e00, 0x000001f38e8158a8]
Event: 5.402 Thread 0x000001f3a478fc30 1638       3       java.util.IdentityHashMap$IdentityHashMapIterator::nextIndex (72 bytes)
Event: 5.402 Thread 0x000001f3a478fc30 nmethod 1638 0x000001f38e815c90 code [0x000001f38e815e60, 0x000001f38e8161e8]
Event: 660.914 Thread 0x000001f3a478fc30 1639   !   3       jdk.internal.ref.PhantomCleanable::isListEmpty (34 bytes)
Event: 660.914 Thread 0x000001f3a478fc30 nmethod 1639 0x000001f38e816390 code [0x000001f38e816520, 0x000001f38e816778]
Event: 660.914 Thread 0x000001f3a478fc30 1640       3       jdk.internal.misc.InnocuousThread::eraseThreadLocals (23 bytes)
Event: 660.915 Thread 0x000001f3a478fc30 nmethod 1640 0x000001f38e816890 code [0x000001f38e816a20, 0x000001f38e816c18]
Event: 3383.159 Thread 0x000001f3a478fc30 1641       3       sun.awt.AWTAutoShutdown::notifyToolkitThreadBusy (8 bytes)
Event: 3383.159 Thread 0x000001f3a478fc30 nmethod 1641 0x000001f38e816c90 code [0x000001f38e816e40, 0x000001f38e816fc8]
Event: 3383.159 Thread 0x000001f3a478fc30 1642       3       sun.awt.AWTAutoShutdown::notifyToolkitThreadFree (8 bytes)
Event: 3383.159 Thread 0x000001f3a478fc30 nmethod 1642 0x000001f38e817090 code [0x000001f38e817240, 0x000001f38e8173c8]
Event: 3404.264 Thread 0x000001f3a478fc30 1643       1       java.lang.invoke.MethodHandle::internalForm (5 bytes)
Event: 3404.264 Thread 0x000001f3a478fc30 nmethod 1643 0x000001f395b29790 code [0x000001f395b29920, 0x000001f395b299f8]
Event: 3404.265 Thread 0x000001f3a478fc30 1644       3       jdk.internal.misc.Unsafe::putReferenceOpaque (9 bytes)
Event: 3404.265 Thread 0x000001f3a478fc30 nmethod 1644 0x000001f38e817490 code [0x000001f38e817620, 0x000001f38e817778]
Event: 5853.618 Thread 0x000001f3a478fc30 1645   !   3       java.util.WeakHashMap::expungeStaleEntries (139 bytes)

GC Heap History (2 events):
Event: 0.805 GC heap before
{Heap before GC invocations=0 (full 0):
 garbage-first heap   total 129024K, used 27648K [0x0000000082600000, 0x0000000100000000)
  region size 1024K, 23 young (23552K), 0 survivors (0K)
 Metaspace       used 9825K, committed 9984K, reserved 1114112K
  class space    used 1175K, committed 1280K, reserved 1048576K
}
Event: 0.811 GC heap after
{Heap after GC invocations=1 (full 0):
 garbage-first heap   total 129024K, used 8949K [0x0000000082600000, 0x0000000100000000)
  region size 1024K, 3 young (3072K), 3 survivors (3072K)
 Metaspace       used 9825K, committed 9984K, reserved 1114112K
  class space    used 1175K, committed 1280K, reserved 1048576K
}

Deoptimization events (20 events):
Event: 0.814 Thread 0x000001f3a9a3b860 Uncommon trap: trap_request=0xffffffde fr.pc=0x000001f395b0e3b8 relative=0x00000000000006f8
Event: 0.814 Thread 0x000001f3a9a3b860 Uncommon trap: reason=class_check action=maybe_recompile pc=0x000001f395b0e3b8 method=sun.nio.ch.IOUtil.read(Ljava/io/FileDescriptor;Ljava/nio/ByteBuffer;JZZILsun/nio/ch/NativeDispatcher;)I @ 1 c2
Event: 0.814 Thread 0x000001f3a9a3b860 DEOPT PACKING pc=0x000001f395b0e3b8 sp=0x000000bfbf3fc010
Event: 0.814 Thread 0x000001f3a9a3b860 DEOPT UNPACKING pc=0x000001f38e0123a3 sp=0x000000bfbf3fbfb8 mode 2
Event: 0.814 Thread 0x000001f3a9a3b860 Uncommon trap: trap_request=0xffffffde fr.pc=0x000001f395b0e3b8 relative=0x00000000000006f8
Event: 0.814 Thread 0x000001f3a9a3b860 Uncommon trap: reason=class_check action=maybe_recompile pc=0x000001f395b0e3b8 method=sun.nio.ch.IOUtil.read(Ljava/io/FileDescriptor;Ljava/nio/ByteBuffer;JZZILsun/nio/ch/NativeDispatcher;)I @ 1 c2
Event: 0.814 Thread 0x000001f3a9a3b860 DEOPT PACKING pc=0x000001f395b0e3b8 sp=0x000000bfbf3fc040
Event: 0.814 Thread 0x000001f3a9a3b860 DEOPT UNPACKING pc=0x000001f38e0123a3 sp=0x000000bfbf3fbfe8 mode 2
Event: 0.814 Thread 0x000001f3a9a3b860 Uncommon trap: trap_request=0xffffffde fr.pc=0x000001f395b0e3b8 relative=0x00000000000006f8
Event: 0.814 Thread 0x000001f3a9a3b860 Uncommon trap: reason=class_check action=maybe_recompile pc=0x000001f395b0e3b8 method=sun.nio.ch.IOUtil.read(Ljava/io/FileDescriptor;Ljava/nio/ByteBuffer;JZZILsun/nio/ch/NativeDispatcher;)I @ 1 c2
Event: 0.814 Thread 0x000001f3a9a3b860 DEOPT PACKING pc=0x000001f395b0e3b8 sp=0x000000bfbf3fc040
Event: 0.814 Thread 0x000001f3a9a3b860 DEOPT UNPACKING pc=0x000001f38e0123a3 sp=0x000000bfbf3fbfe8 mode 2
Event: 0.817 Thread 0x000001f3a9a3b860 Uncommon trap: trap_request=0xffffffde fr.pc=0x000001f395b12f9c relative=0x00000000000012dc
Event: 0.817 Thread 0x000001f3a9a3b860 Uncommon trap: reason=class_check action=maybe_recompile pc=0x000001f395b12f9c method=sun.nio.ch.IOUtil.read(Ljava/io/FileDescriptor;Ljava/nio/ByteBuffer;JZZILsun/nio/ch/NativeDispatcher;)I @ 1 c2
Event: 0.818 Thread 0x000001f3a9a3b860 DEOPT PACKING pc=0x000001f395b12f9c sp=0x000000bfbf3fc150
Event: 0.818 Thread 0x000001f3a9a3b860 DEOPT UNPACKING pc=0x000001f38e0123a3 sp=0x000000bfbf3fc000 mode 2
Event: 0.823 Thread 0x000001f3a9a3b860 Uncommon trap: trap_request=0xffffff45 fr.pc=0x000001f395ad4638 relative=0x0000000000001c58
Event: 0.823 Thread 0x000001f3a9a3b860 Uncommon trap: reason=unstable_if action=reinterpret pc=0x000001f395ad4638 method=java.lang.ref.SoftReference.get()Ljava/lang/Object; @ 17 c2
Event: 0.823 Thread 0x000001f3a9a3b860 DEOPT PACKING pc=0x000001f395ad4638 sp=0x000000bfbf3fd980
Event: 0.823 Thread 0x000001f3a9a3b860 DEOPT UNPACKING pc=0x000001f38e0123a3 sp=0x000000bfbf3fd870 mode 2

Classes loaded (20 events):
Event: 1.692 Loading class java/awt/LightweightDispatcher$1
Event: 1.692 Loading class java/awt/LightweightDispatcher$1 done
Event: 1.692 Loading class java/awt/event/MouseWheelEvent
Event: 1.692 Loading class java/awt/event/MouseWheelEvent done
Event: 1.880 Loading class java/awt/LightweightDispatcher$2
Event: 1.880 Loading class java/awt/LightweightDispatcher$2 done
Event: 4.002 Loading class java/awt/KeyboardFocusManager$2
Event: 4.002 Loading class java/awt/KeyboardFocusManager$2 done
Event: 4.003 Loading class sun/awt/SunToolkit$1
Event: 4.003 Loading class sun/awt/SunToolkit$1 done
Event: 3404.266 Loading class java/util/WeakHashMap$KeyIterator
Event: 3404.266 Loading class java/util/WeakHashMap$HashIterator
Event: 3404.266 Loading class java/util/WeakHashMap$HashIterator done
Event: 3404.266 Loading class java/util/WeakHashMap$KeyIterator done
Event: 3404.266 Loading class javax/swing/RepaintManager$DisplayChangedRunnable
Event: 3404.266 Loading class javax/swing/RepaintManager$DisplayChangedRunnable done
Event: 5349.340 Loading class java/awt/desktop/SystemSleepListener
Event: 5349.340 Loading class java/awt/desktop/SystemEventListener
Event: 5349.340 Loading class java/awt/desktop/SystemEventListener done
Event: 5349.340 Loading class java/awt/desktop/SystemSleepListener done

Classes unloaded (0 events):
No events

Classes redefined (0 events):
No events

Internal exceptions (20 events):
Event: 0.079 Thread 0x000001f38667ed80 Exception <a 'java/lang/NoSuchMethodError'{0x000000008a142fa8}: 'void java.lang.invoke.DirectMethodHandle$Holder.invokeSpecial(java.lang.Object, java.lang.Object, java.lang.Object)'> (0x000000008a142fa8) 
thrown [s\open\src\hotspot\share\interpreter\linkResolver.cpp, line 759]
Event: 0.083 Thread 0x000001f38667ed80 Exception <a 'java/lang/NoSuchMethodError'{0x000000008a172d50}: 'void java.lang.invoke.DirectMethodHandle$Holder.invokeSpecial(java.lang.Object, java.lang.Object, java.lang.Object, java.lang.Object, java.lang.Object)'> (0x000000008a172d50) 
thrown [s\open\src\hotspot\share\interpreter\linkResolver.cpp, line 759]
Event: 0.086 Thread 0x000001f38667ed80 Exception <a 'java/lang/NoSuchMethodError'{0x000000008a182f08}: 'java.lang.Object java.lang.invoke.DirectMethodHandle$Holder.invokeInterface(java.lang.Object, java.lang.Object)'> (0x000000008a182f08) 
thrown [s\open\src\hotspot\share\interpreter\linkResolver.cpp, line 759]
Event: 0.086 Thread 0x000001f38667ed80 Exception <a 'java/lang/IncompatibleClassChangeError'{0x000000008a186450}: Found class java.lang.Object, but interface was expected> (0x000000008a186450) 
thrown [s\open\src\hotspot\share\interpreter\linkResolver.cpp, line 826]
Event: 0.087 Thread 0x000001f38667ed80 Exception <a 'java/lang/NoSuchMethodError'{0x000000008a189340}: 'void java.lang.invoke.DirectMethodHandle$Holder.invokeStatic(java.lang.Object, java.lang.Object, java.lang.Object, java.lang.Object)'> (0x000000008a189340) 
thrown [s\open\src\hotspot\share\interpreter\linkResolver.cpp, line 759]
Event: 0.113 Thread 0x000001f38667ed80 Exception <a 'java/lang/ClassNotFoundException'{0x000000008a071aa8}: sun/awt/resources/spi/awtProvider> (0x000000008a071aa8) 
thrown [s\open\src\hotspot\share\classfile\systemDictionary.cpp, line 255]
Event: 0.126 Thread 0x000001f38667ed80 Exception <a 'java/io/FileNotFoundException'{0x000000008a0c3a58}> (0x000000008a0c3a58) 
thrown [s\open\src\hotspot\share\prims\jni.cpp, line 516]
Event: 0.130 Thread 0x000001f38667ed80 Exception <a 'java/io/FileNotFoundException'{0x000000008a0f0e28}> (0x000000008a0f0e28) 
thrown [s\open\src\hotspot\share\prims\jni.cpp, line 516]
Event: 0.158 Thread 0x000001f38667ed80 Exception <a 'java/lang/NoSuchMethodError'{0x0000000089f344f0}: 'java.lang.Object java.lang.invoke.DirectMethodHandle$Holder.invokeStaticInit(java.lang.Object)'> (0x0000000089f344f0) 
thrown [s\open\src\hotspot\share\interpreter\linkResolver.cpp, line 759]
Event: 0.188 Thread 0x000001f38667ed80 Exception <a 'java/lang/NoSuchMethodError'{0x0000000089e1a0d8}: 'java.lang.Object java.lang.invoke.DirectMethodHandle$Holder.newInvokeSpecial(java.lang.Object, java.lang.Object, java.lang.Object, java.lang.Object, java.lang.Object)'> (0x0000000089e1a0d8) 
thrown [s\open\src\hotspot\share\interpreter\linkResolver.cpp, line 759]
Event: 0.193 Thread 0x000001f38667ed80 Exception <a 'java/lang/NoSuchMethodError'{0x0000000089e4bbe8}: 'java.lang.Object java.lang.invoke.DirectMethodHandle$Holder.invokeStatic(java.lang.Object, int, java.lang.Object)'> (0x0000000089e4bbe8) 
thrown [s\open\src\hotspot\share\interpreter\linkResolver.cpp, line 759]
Event: 0.211 Thread 0x000001f38667ed80 Exception <a 'java/lang/ClassNotFoundException'{0x0000000089d086e8}: com/sun/swing/internal/plaf/metal/resources/spi/metalProvider> (0x0000000089d086e8) 
thrown [s\open\src\hotspot\share\classfile\systemDictionary.cpp, line 255]
Event: 0.212 Thread 0x000001f38667ed80 Exception <a 'java/lang/ClassNotFoundException'{0x0000000089d0c720}: com/sun/swing/internal/plaf/basic/resources/spi/basicProvider> (0x0000000089d0c720) 
thrown [s\open\src\hotspot\share\classfile\systemDictionary.cpp, line 255]
Event: 0.216 Thread 0x000001f38667ed80 Implicit null exception at 0x000001f395aba160 to 0x000001f395aba1fa
Event: 0.218 Thread 0x000001f38667ed80 Exception <a 'java/lang/NoSuchMethodError'{0x0000000089d2cc30}: 'int java.lang.invoke.Invokers$Holder.invokeExact_MT(java.lang.Object, java.lang.Object)'> (0x0000000089d2cc30) 
thrown [s\open\src\hotspot\share\interpreter\linkResolver.cpp, line 759]
Event: 0.219 Thread 0x000001f38667ed80 Implicit null exception at 0x000001f395aa4d0f to 0x000001f395aa4d89
Event: 0.383 Thread 0x000001f3a9e23410 Exception <a 'java/lang/NoSuchMethodError'{0x0000000089989e80}: 'java.lang.Object java.lang.invoke.DirectMethodHandle$Holder.newInvokeSpecial(java.lang.Object, java.lang.Object, java.lang.Object, int, int, int, int, int)'> (0x0000000089989e80) 
thrown [s\open\src\hotspot\share\interpreter\linkResolver.cpp, line 759]
Event: 0.395 Thread 0x000001f3a8f3fc90 Exception <a 'java/lang/NoSuchMethodError'{0x0000000089f85c60}: 'void java.lang.invoke.DirectMethodHandle$Holder.invokeVirtual(java.lang.Object, java.lang.Object)'> (0x0000000089f85c60) 
thrown [s\open\src\hotspot\share\interpreter\linkResolver.cpp, line 759]
Event: 0.403 Thread 0x000001f38667ed80 Exception <a 'java/lang/NoSuchMethodError'{0x000000008996d638}: 'void java.lang.invoke.DirectMethodHandle$Holder.invokeStaticInit(java.lang.Object)'> (0x000000008996d638) 
thrown [s\open\src\hotspot\share\interpreter\linkResolver.cpp, line 759]
Event: 0.774 Thread 0x000001f3a9a3b860 Implicit null exception at 0x000001f395b04033 to 0x000001f395b07cd4

VM Operations (20 events):
Event: 0.232 Executing VM operation: HandshakeAllThreads
Event: 0.232 Executing VM operation: HandshakeAllThreads done
Event: 0.265 Executing VM operation: HandshakeAllThreads
Event: 0.265 Executing VM operation: HandshakeAllThreads done
Event: 0.365 Executing VM operation: ICBufferFull
Event: 0.365 Executing VM operation: ICBufferFull done
Event: 0.376 Executing VM operation: HandshakeAllThreads
Event: 0.376 Executing VM operation: HandshakeAllThreads done
Event: 0.380 Executing VM operation: HandshakeAllThreads
Event: 0.380 Executing VM operation: HandshakeAllThreads done
Event: 0.450 Executing VM operation: HandshakeAllThreads
Event: 0.450 Executing VM operation: HandshakeAllThreads done
Event: 0.805 Executing VM operation: G1CollectForAllocation
Event: 0.811 Executing VM operation: G1CollectForAllocation done
Event: 2.821 Executing VM operation: Cleanup
Event: 2.821 Executing VM operation: Cleanup done
Event: 3.830 Executing VM operation: Cleanup
Event: 3.830 Executing VM operation: Cleanup done
Event: 3405.252 Executing VM operation: Cleanup
Event: 3405.258 Executing VM operation: Cleanup done

Events (20 events):
Event: 0.052 Loaded shared library C:\Program Files\Java\jdk-18.0.2.1\bin\zip.dll
Event: 0.073 Thread 0x000001f3a478e7f0 Thread added: 0x000001f3a478e7f0
Event: 0.082 Thread 0x000001f3a4790140 Thread added: 0x000001f3a4790140
Event: 0.097 Thread 0x000001f3a8ee3af0 Thread added: 0x000001f3a8ee3af0
Event: 0.107 Loaded shared library C:\Program Files\Java\jdk-18.0.2.1\bin\jimage.dll
Event: 0.118 Loaded shared library C:\Program Files\Java\jdk-18.0.2.1\bin\awt.dll
Event: 0.158 Thread 0x000001f3a8f221b0 Thread added: 0x000001f3a8f221b0
Event: 0.159 Thread 0x000001f3a8f3c6d0 Thread added: 0x000001f3a8f3c6d0
Event: 0.160 Thread 0x000001f3a8f3fc90 Thread added: 0x000001f3a8f3fc90
Event: 0.235 Loaded shared library C:\Program Files\Java\jdk-18.0.2.1\bin\verify.dll
Event: 0.287 Loaded shared library C:\Program Files\Java\jdk-18.0.2.1\bin\freetype.dll
Event: 0.288 Loaded shared library C:\Program Files\Java\jdk-18.0.2.1\bin\fontmanager.dll
Event: 0.312 Thread 0x000001f3a9a3b860 Thread added: 0x000001f3a9a3b860
Event: 0.379 Thread 0x000001f3a9e23410 Thread added: 0x000001f3a9e23410
Event: 0.449 Thread 0x000001f38667ed80 Thread exited: 0x000001f38667ed80
Event: 0.450 Thread 0x000001f38667ed80 Thread added: 0x000001f38667ed80
Event: 0.829 Thread 0x000001f3a9e2c150 Thread added: 0x000001f3a9e2c150
Event: 1.332 Thread 0x000001f3a4790140 Thread exited: 0x000001f3a4790140
Event: 1.333 Thread 0x000001f3a478e7f0 Thread exited: 0x000001f3a478e7f0
Event: 5.402 Thread 0x000001f3a9e23410 Thread exited: 0x000001f3a9e23410


Dynamic libraries:
0x00007ff778540000 - 0x00007ff778550000 	C:\Program Files\Java\jdk-18.0.2.1\bin\javaw.exe
0x00007ffc944f0000 - 0x00007ffc946e8000 	C:\WINDOWS\SYSTEM32\ntdll.dll
0x00007ffc930a0000 - 0x00007ffc9315f000 	C:\WINDOWS\System32\KERNEL32.DLL
0x00007ffc91bd0000 - 0x00007ffc91ec6000 	C:\WINDOWS\System32\KERNELBASE.dll
0x00007ffc91f70000 - 0x00007ffc92070000 	C:\WINDOWS\System32\ucrtbase.dll
0x00007ffc53020000 - 0x00007ffc5303a000 	C:\Program Files\Java\jdk-18.0.2.1\bin\VCRUNTIME140.dll
0x00007ffc57570000 - 0x00007ffc57588000 	C:\Program Files\Java\jdk-18.0.2.1\bin\jli.dll
0x00007ffc94210000 - 0x00007ffc942bf000 	C:\WINDOWS\System32\ADVAPI32.dll
0x00007ffc94110000 - 0x00007ffc941ae000 	C:\WINDOWS\System32\msvcrt.dll
0x00007ffc93370000 - 0x00007ffc9340c000 	C:\WINDOWS\System32\sechost.dll
0x00007ffc942c0000 - 0x00007ffc943e6000 	C:\WINDOWS\System32\RPCRT4.dll
0x00007ffc92580000 - 0x00007ffc9271d000 	C:\WINDOWS\System32\USER32.dll
0x00007ffc91f40000 - 0x00007ffc91f62000 	C:\WINDOWS\System32\win32u.dll
0x00007ffc7fce0000 - 0x00007ffc7ff7a000 	C:\WINDOWS\WinSxS\amd64_microsoft.windows.common-controls_6595b64144ccf1df_6.0.19041.1110_none_60b5254171f9507e\COMCTL32.dll
0x00007ffc93f70000 - 0x00007ffc93f9c000 	C:\WINDOWS\System32\GDI32.dll
0x00007ffc923e0000 - 0x00007ffc924f5000 	C:\WINDOWS\System32\gdi32full.dll
0x00007ffc92150000 - 0x00007ffc921ed000 	C:\WINDOWS\System32\msvcp_win.dll
0x00007ffc8b490000 - 0x00007ffc8b49a000 	C:\WINDOWS\SYSTEM32\VERSION.dll
0x00007ffc92550000 - 0x00007ffc92580000 	C:\WINDOWS\System32\IMM32.DLL
0x00007ffc6d480000 - 0x00007ffc6d48c000 	C:\Program Files\Java\jdk-18.0.2.1\bin\vcruntime140_1.dll
0x00007ffc50fc0000 - 0x00007ffc5104d000 	C:\Program Files\Java\jdk-18.0.2.1\bin\msvcp140.dll
0x00007ffc3eb20000 - 0x00007ffc3f731000 	C:\Program Files\Java\jdk-18.0.2.1\bin\server\jvm.dll
0x00007ffc92720000 - 0x00007ffc92728000 	C:\WINDOWS\System32\PSAPI.DLL
0x00007ffc8f390000 - 0x00007ffc8f399000 	C:\WINDOWS\SYSTEM32\WSOCK32.dll
0x00007ffc80130000 - 0x00007ffc80157000 	C:\WINDOWS\SYSTEM32\WINMM.dll
0x00007ffc94080000 - 0x00007ffc940eb000 	C:\WINDOWS\System32\WS2_32.dll
0x00007ffc8f9a0000 - 0x00007ffc8f9b2000 	C:\WINDOWS\SYSTEM32\kernel.appcore.dll
0x00007ffc8d870000 - 0x00007ffc8d87a000 	C:\Program Files\Java\jdk-18.0.2.1\bin\jimage.dll
0x00007ffc7c9e0000 - 0x00007ffc7cbc4000 	C:\WINDOWS\SYSTEM32\DBGHELP.DLL
0x00007ffc7b7e0000 - 0x00007ffc7b814000 	C:\WINDOWS\SYSTEM32\dbgcore.DLL
0x00007ffc921f0000 - 0x00007ffc92272000 	C:\WINDOWS\System32\bcryptPrimitives.dll
0x00007ffc8d6d0000 - 0x00007ffc8d6f5000 	C:\Program Files\Java\jdk-18.0.2.1\bin\java.dll
0x00007ffc8c9e0000 - 0x00007ffc8cab6000 	C:\Program Files\Java\jdk-18.0.2.1\bin\jsvml.dll
0x00007ffc92950000 - 0x00007ffc93094000 	C:\WINDOWS\System32\SHELL32.dll
0x00007ffc8fc80000 - 0x00007ffc90413000 	C:\WINDOWS\SYSTEM32\windows.storage.dll
0x00007ffc93600000 - 0x00007ffc93954000 	C:\WINDOWS\System32\combase.dll
0x00007ffc91620000 - 0x00007ffc9164e000 	C:\WINDOWS\SYSTEM32\Wldp.dll
0x00007ffc94400000 - 0x00007ffc944ad000 	C:\WINDOWS\System32\SHCORE.dll
0x00007ffc935a0000 - 0x00007ffc935f5000 	C:\WINDOWS\System32\shlwapi.dll
0x00007ffc91b10000 - 0x00007ffc91b2f000 	C:\WINDOWS\SYSTEM32\profapi.dll
0x00007ffc8d850000 - 0x00007ffc8d863000 	C:\Program Files\Java\jdk-18.0.2.1\bin\net.dll
0x00007ffc88830000 - 0x00007ffc8893a000 	C:\WINDOWS\SYSTEM32\WINHTTP.dll
0x00007ffc91310000 - 0x00007ffc9137a000 	C:\WINDOWS\system32\mswsock.dll
0x00007ffc8d090000 - 0x00007ffc8d0a6000 	C:\Program Files\Java\jdk-18.0.2.1\bin\nio.dll
0x00007ffc8cc30000 - 0x00007ffc8cc48000 	C:\Program Files\Java\jdk-18.0.2.1\bin\zip.dll
0x00007ffc5c8c0000 - 0x00007ffc5ca4f000 	C:\Program Files\Java\jdk-18.0.2.1\bin\awt.dll
0x00007ffc93410000 - 0x00007ffc934dd000 	C:\WINDOWS\System32\OLEAUT32.dll
0x00007ffc8f470000 - 0x00007ffc8f501000 	C:\WINDOWS\SYSTEM32\apphelp.dll
0x00007ffc8f970000 - 0x00007ffc8f99f000 	C:\WINDOWS\system32\DWMAPI.DLL
0x00007ffc8f5b0000 - 0x00007ffc8f64e000 	C:\WINDOWS\system32\uxtheme.dll
0x00007ffc71c80000 - 0x00007ffc71da5000 	C:\WINDOWS\system32\opengl32.dll
0x00007ffc806c0000 - 0x00007ffc806ec000 	C:\WINDOWS\SYSTEM32\GLU32.dll
0x00007ffc93e50000 - 0x00007ffc93f64000 	C:\WINDOWS\System32\MSCTF.dll
0x00007ffc92820000 - 0x00007ffc9294a000 	C:\WINDOWS\System32\ole32.dll
0x00007ffc6bc30000 - 0x00007ffc6bc40000 	C:\Program Files\Java\jdk-18.0.2.1\bin\verify.dll
0x00007ffc5cf50000 - 0x00007ffc5cfd6000 	C:\Program Files\Java\jdk-18.0.2.1\bin\freetype.dll
0x00007ffc5b260000 - 0x00007ffc5b308000 	C:\Program Files\Java\jdk-18.0.2.1\bin\fontmanager.dll
0x00007ffc934f0000 - 0x00007ffc93599000 	C:\WINDOWS\System32\clbcatq.dll
0x00007ffc8b110000 - 0x00007ffc8b2c4000 	C:\WINDOWS\SYSTEM32\WindowsCodecs.dll
0x00007ffc92070000 - 0x00007ffc92097000 	C:\WINDOWS\System32\bcrypt.dll
0x00007ffc7e550000 - 0x00007ffc7e58e000 	C:\WINDOWS\system32\dataexchange.dll
0x00007ffc8d8e0000 - 0x00007ffc8db43000 	C:\WINDOWS\system32\d3d11.dll
0x00007ffc8e8c0000 - 0x00007ffc8eaa3000 	C:\WINDOWS\system32\dcomp.dll
0x00007ffc90480000 - 0x00007ffc90573000 	C:\WINDOWS\system32\dxgi.dll
0x00007ffc8b610000 - 0x00007ffc8b817000 	C:\WINDOWS\system32\twinapi.appcore.dll
0x00007ffc8b010000 - 0x00007ffc8b109000 	C:\WINDOWS\SYSTEM32\textinputframework.dll
0x00007ffc8ee30000 - 0x00007ffc8f18e000 	C:\WINDOWS\System32\CoreUIComponents.dll
0x00007ffc8f190000 - 0x00007ffc8f282000 	C:\WINDOWS\System32\CoreMessaging.dll
0x00007ffc8e710000 - 0x00007ffc8e864000 	C:\WINDOWS\SYSTEM32\wintypes.dll
0x00007ffc90ce0000 - 0x00007ffc90d13000 	C:\WINDOWS\SYSTEM32\ntmarta.dll
0x00007ffc74020000 - 0x00007ffc740cc000 	C:\WINDOWS\SYSTEM32\TextShaping.dll

dbghelp: loaded successfully - version: 4.0.5 - missing functions: none
symbol engine: initialized successfully - sym options: 0x614 - pdb path: .;C:\Program Files\Java\jdk-18.0.2.1\bin;C:\WINDOWS\SYSTEM32;C:\WINDOWS\WinSxS\amd64_microsoft.windows.common-controls_6595b64144ccf1df_6.0.19041.1110_none_60b5254171f9507e;C:\Program Files\Java\jdk-18.0.2.1\bin\server

VM Arguments:
jvm_args: -Dfile.encoding=windows-1252 --module-path=C:\Users\Acer\Documents\Downloads\mysql-connector-j-8.0.33\mysql-connector-j-8.0.33\mysql-connector-j-8.0.33.jar;C:\Users\Acer\Documents\Downloads\jcalendar-1.4.jar\jcalendar-1.4.jar -XX:+ShowCodeDetailsInExceptionMessages 
java_command: employee.management.system.AddEmployee
java_class_path (initial): C:\Users\Acer\eclipse-workspace\Employee Management System\bin
Launcher Type: SUN_STANDARD

[Global flags]
     intx CICompilerCount                          = 4                                         {product} {ergonomic}
     uint ConcGCThreads                            = 2                                         {product} {ergonomic}
     uint G1ConcRefinementThreads                  = 8                                         {product} {ergonomic}
   size_t G1HeapRegionSize                         = 1048576                                   {product} {ergonomic}
    uintx GCDrainStackTargetSize                   = 64                                        {product} {ergonomic}
   size_t InitialHeapSize                          = 132120576                                 {product} {ergonomic}
   size_t MarkStackSize                            = 4194304                                   {product} {ergonomic}
   size_t MaxHeapSize                              = 2107637760                                {product} {ergonomic}
   size_t MaxNewSize                               = 1264582656                                {product} {ergonomic}
   size_t MinHeapDeltaBytes                        = 1048576                                   {product} {ergonomic}
   size_t MinHeapSize                              = 8388608                                   {product} {ergonomic}
    uintx NonNMethodCodeHeapSize                   = 5839372                                {pd product} {ergonomic}
    uintx NonProfiledCodeHeapSize                  = 122909434                              {pd product} {ergonomic}
    uintx ProfiledCodeHeapSize                     = 122909434                              {pd product} {ergonomic}
    uintx ReservedCodeCacheSize                    = 251658240                              {pd product} {ergonomic}
     bool SegmentedCodeCache                       = true                                      {product} {ergonomic}
     bool ShowCodeDetailsInExceptionMessages       = true                                   {manageable} {command line}
   size_t SoftMaxHeapSize                          = 2107637760                             {manageable} {ergonomic}
     bool UseCompressedClassPointers               = true                           {product lp64_product} {ergonomic}
     bool UseCompressedOops                        = true                           {product lp64_product} {ergonomic}
     bool UseG1GC                                  = true                                      {product} {ergonomic}
     bool UseLargePagesIndividualAllocation        = false                                  {pd product} {ergonomic}

Logging:
Log output configuration:
 #0: stdout all=warning uptime,level,tags foldmultilines=false
 #1: stderr all=off uptime,level,tags foldmultilines=false

Environment Variables:
PATH=C:\Program Files\Common Files\Oracle\Java\javapath;C:\WINDOWS\system32;C:\WINDOWS;C:\WINDOWS\System32\Wbem;C:\WINDOWS\System32\WindowsPowerShell\v1.0\;C:\WINDOWS\System32\OpenSSH\;C:\Program Files\Git\cmd;C:\Program Files\MySQL\MySQL Shell 8.0\bin\;C:\Users\Acer\AppData\Local\Microsoft\WindowsApps;;C:\Users\Acer\AppData\Local\Programs\Microsoft VS Code\bin
USERNAME=Acer
OS=Windows_NT
PROCESSOR_IDENTIFIER=Intel64 Family 6 Model 158 Stepping 10, GenuineIntel



---------------  S Y S T E M  ---------------

OS:
 Windows 10 , 64 bit Build 19041 (10.0.19041.3031)
OS uptime: 9 days 23:35 hours

CPU: total 8 (initial active 8) (4 cores per cpu, 2 threads per core) family 6 model 158 stepping 10 microcode 0xb4, cx8, cmov, fxsr, ht, mmx, 3dnowpref, sse, sse2, sse3, ssse3, sse4.1, sse4.2, popcnt, lzcnt, tsc, tscinvbit, avx, avx2, aes, erms, clmul, bmi1, bmi2, adx, fma, vzeroupper, clflush, clflushopt

Memory: 4k page, system-wide physical 8034M (437M free)
TotalPageFile size 23088M (AvailPageFile size 0M)
current process WorkingSet (physical memory assigned to process): 92M, peak: 108M
current process commit charge ("private bytes"): 230M, peak: 246M

vm_info: Java HotSpot(TM) 64-Bit Server VM (18.0.2.1+1-1) for windows-amd64 JRE (18.0.2.1+1-1), built on Aug 16 2022 01:46:33 by "mach5one" with MS VC++ 16.8 / 16.9 (VS2019)

END.
