#
# There is insufficient memory for the Java Runtime Environment to continue.
# Native memory allocation (malloc) failed to allocate 202064 bytes for Chunk::new
# Possible reasons:
#   The system is out of physical RAM or swap space
#   The process is running with CompressedOops enabled, and the Java Heap may be blocking the growth of the native heap
# Possible solutions:
#   Reduce memory load on the system
#   Increase physical memory or swap space
#   Check if swap backing store is full
#   Decrease Java heap size (-Xmx/-Xms)
#   Decrease number of Java threads
#   Decrease Java thread stack sizes (-Xss)
#   Set larger code cache with -XX:ReservedCodeCacheSize=
#   JVM is running with Unscaled Compressed Oops mode in which the Java heap is
#     placed in the first 4GB address space. The Java Heap base address is the
#     maximum limit for the native heap growth. Please use -XX:HeapBaseMinAddress
#     to set the Java Heap base and to place the Java Heap above 4GB virtual address.
# This output file may be truncated or incomplete.
#
#  Out of Memory Error (arena.cpp:184), pid=8356, tid=3460
#
# JRE version: Java(TM) SE Runtime Environment (18.0.2.1+1) (build 18.0.2.1+1-1)
# Java VM: Java HotSpot(TM) 64-Bit Server VM (18.0.2.1+1-1, mixed mode, sharing, tiered, compressed oops, compressed class ptrs, g1 gc, windows-amd64)
# No core dump will be written. Minidumps are not enabled by default on client versions of Windows
#

---------------  S U M M A R Y ------------

Command Line: -Dfile.encoding=windows-1252 --module-path=C:\Users\Acer\Documents\Downloads\mysql-connector-j-8.0.33\mysql-connector-j-8.0.33\mysql-connector-j-8.0.33.jar;C:\Users\Acer\Documents\Downloads\jcalendar-1.4.jar\jcalendar-1.4.jar -XX:+ShowCodeDetailsInExceptionMessages employee.management.system.AddEmployee

Host: Intel(R) Core(TM) i5-8300H CPU @ 2.30GHz, 8 cores, 7G,  Windows 10 , 64 bit Build 19041 (10.0.19041.3031)
Time: Tue Jul 18 11:26:17 2023 India Standard Time elapsed time: 0.769761 seconds (0d 0h 0m 0s)

---------------  T H R E A D  ---------------

Current thread (0x000001e9af8d4390):  JavaThread "C2 CompilerThread1" daemon [_thread_in_native, id=3460, stack(0x0000009412300000,0x0000009412400000)]


Current CompileTask:
C2:    769 1547       4       sun.nio.ch.IOUtil::read (14 bytes)

Stack: [0x0000009412300000,0x0000009412400000]
Native frames: (J=compiled Java code, j=interpreted, Vv=VM code, C=native code)
V  [jvm.dll+0x6993aa]
V  [jvm.dll+0x7f46dd]
V  [jvm.dll+0x7f5fee]
V  [jvm.dll+0x7f66a3]
V  [jvm.dll+0x25cf1f]
V  [jvm.dll+0xb8c2f]
V  [jvm.dll+0xb8fa5]
V  [jvm.dll+0x3860cb]
V  [jvm.dll+0x34fe71]
V  [jvm.dll+0x34f30a]
V  [jvm.dll+0x230101]
V  [jvm.dll+0x22f4d1]
V  [jvm.dll+0x1ba01c]
V  [jvm.dll+0x23ee0a]
V  [jvm.dll+0x23d0f5]
V  [jvm.dll+0x7a6dd1]
V  [jvm.dll+0x7a120a]
V  [jvm.dll+0x698255]
C  [ucrtbase.dll+0x21bb2]
C  [KERNEL32.DLL+0x17614]
C  [ntdll.dll+0x526f1]


---------------  P R O C E S S  ---------------

Threads class SMR info:
_java_thread_list=0x000001e9b097f3f0, length=18, elements={
0x000001e9ab567bc0, 0x000001e9ab568730, 0x000001e9ab581e80, 0x000001e9ab583740,
0x000001e9ab5867e0, 0x000001e9ab58b0a0, 0x000001e9ab585a70, 0x000001e9ab5904e0,
0x000001e9ab594a00, 0x000001e9ab553dc0, 0x000001e9af8d4390, 0x000001e9af9d9190,
0x000001e9afae8b00, 0x000001e9afb14430, 0x000001e9afb1ba20, 0x000001e9b06c21f0,
0x000001e9b07e7080, 0x000001e98b36b220
}

Java Threads: ( => current thread )
  0x000001e9ab567bc0 JavaThread "Reference Handler" daemon [_thread_blocked, id=20872, stack(0x0000009411900000,0x0000009411a00000)]
  0x000001e9ab568730 JavaThread "Finalizer" daemon [_thread_blocked, id=20700, stack(0x0000009411a00000,0x0000009411b00000)]
  0x000001e9ab581e80 JavaThread "Signal Dispatcher" daemon [_thread_blocked, id=18188, stack(0x0000009411b00000,0x0000009411c00000)]
  0x000001e9ab583740 JavaThread "Attach Listener" daemon [_thread_blocked, id=11304, stack(0x0000009411c00000,0x0000009411d00000)]
  0x000001e9ab5867e0 JavaThread "Service Thread" daemon [_thread_blocked, id=19352, stack(0x0000009411d00000,0x0000009411e00000)]
  0x000001e9ab58b0a0 JavaThread "Monitor Deflation Thread" daemon [_thread_blocked, id=17452, stack(0x0000009411e00000,0x0000009411f00000)]
  0x000001e9ab585a70 JavaThread "C2 CompilerThread0" daemon [_thread_in_native, id=12424, stack(0x0000009411f00000,0x0000009412000000)]
  0x000001e9ab5904e0 JavaThread "C1 CompilerThread0" daemon [_thread_blocked, id=13744, stack(0x0000009412000000,0x0000009412100000)]
  0x000001e9ab594a00 JavaThread "Sweeper thread" daemon [_thread_blocked, id=16892, stack(0x0000009412100000,0x0000009412200000)]
  0x000001e9ab553dc0 JavaThread "Common-Cleaner" daemon [_thread_blocked, id=20836, stack(0x0000009412200000,0x0000009412300000)]
=>0x000001e9af8d4390 JavaThread "C2 CompilerThread1" daemon [_thread_in_native, id=3460, stack(0x0000009412300000,0x0000009412400000)]
  0x000001e9af9d9190 JavaThread "Notification Thread" daemon [_thread_blocked, id=17948, stack(0x0000009412400000,0x0000009412500000)]
  0x000001e9afae8b00 JavaThread "Java2D Disposer" daemon [_thread_blocked, id=9384, stack(0x0000009412600000,0x0000009412700000)]
  0x000001e9afb14430 JavaThread "AWT-Shutdown" [_thread_blocked, id=7196, stack(0x0000009412700000,0x0000009412800000)]
  0x000001e9afb1ba20 JavaThread "AWT-Windows" daemon [_thread_in_native, id=14052, stack(0x0000009412800000,0x0000009412900000)]
  0x000001e9b06c21f0 JavaThread "AWT-EventQueue-0" [_thread_blocked, id=7912, stack(0x0000009412900000,0x0000009412a00000)]
  0x000001e9b07e7080 JavaThread "Image Fetcher 0" daemon [_thread_blocked, id=17416, stack(0x0000009412a00000,0x0000009412b00000)]
  0x000001e98b36b220 JavaThread "DestroyJavaVM" [_thread_blocked, id=21420, stack(0x0000009411200000,0x0000009411300000)]

Other Threads:
  0x000001e9ab564510 VMThread "VM Thread" [stack: 0x0000009411800000,0x0000009411900000] [id=16352]
  0x000001e9afa379e0 WatcherThread "VM Periodic Task Thread" [stack: 0x0000009412500000,0x0000009412600000] [id=18688]
  0x000001e98b50c1e0 WorkerThread "GC Thread#0" [stack: 0x0000009411300000,0x0000009411400000] [id=5788]
  0x000001e9b0e6cfe0 WorkerThread "GC Thread#1" [stack: 0x0000009412e00000,0x0000009412f00000] [id=4816]
  0x000001e9b0e2b7f0 WorkerThread "GC Thread#2" [stack: 0x0000009412f00000,0x0000009413000000] [id=21468]
  0x000001e9b0b0ea70 WorkerThread "GC Thread#3" [stack: 0x0000009413000000,0x0000009413100000] [id=19984]
  0x000001e9b0b0ed10 WorkerThread "GC Thread#4" [stack: 0x0000009413100000,0x0000009413200000] [id=15544]
  0x000001e9b17be8b0 WorkerThread "GC Thread#5" [stack: 0x0000009413200000,0x0000009413300000] [id=20240]
  0x000001e98b51eb80 ConcurrentGCThread "G1 Main Marker" [stack: 0x0000009411400000,0x0000009411500000] [id=19292]
  0x000001e98b51fc20 WorkerThread "G1 Conc#0" [stack: 0x0000009411500000,0x0000009411600000] [id=18972]
  0x000001e98b56f660 ConcurrentGCThread "G1 Refine#0" [stack: 0x0000009411600000,0x0000009411700000] [id=19388]
  0x000001e98b56fe80 ConcurrentGCThread "G1 Service" [stack: 0x0000009411700000,0x0000009411800000] [id=5908]

Threads with active compile tasks:
C2 CompilerThread0      788 1545       4       sun.font.TrueTypeFont::initAllNames (182 bytes)
C2 CompilerThread1      788 1547       4       sun.nio.ch.IOUtil::read (14 bytes)

VM state: at safepoint (normal execution)

VM Mutex/Monitor currently owned by a thread:  ([mutex/lock_event])
[0x000001e98b4af940] Threads_lock - owner thread: 0x000001e9ab564510
[0x000001e98b4aebc0] Heap_lock - owner thread: 0x000001e9b06c21f0

Heap address: 0x0000000082600000, size: 2010 MB, Compressed Oops mode: 32-bit

CDS archive(s) mapped at: [0x0000000800000000-0x0000000800ba0000-0x0000000800ba0000), size 12189696, SharedBaseAddress: 0x0000000800000000, ArchiveRelocationMode: 0.
Compressed class space mapped at: 0x0000000800c00000-0x0000000840c00000, reserved size: 1073741824
Narrow klass base: 0x0000000800000000, Narrow klass shift: 0, Narrow klass range: 0x100000000

GC Precious Log:
 CardTable entry size: 512
 Card Set container configuration: InlinePtr #cards 5 size 8 Array Of Cards #cards 12 size 40 Howl #buckets 4 coarsen threshold 1843 Howl Bitmap #cards 512 size 80 coarsen threshold 460 Card regions per heap region 1 cards per card region 2048
 CPUs: 8 total, 8 available
 Memory: 8034M
 Large Page Support: Disabled
 NUMA Support: Disabled
 Compressed Oops: Enabled (32-bit)
 Heap Region Size: 1M
 Heap Min Capacity: 8M
 Heap Initial Capacity: 126M
 Heap Max Capacity: 2010M
 Pre-touch: Disabled
 Parallel Workers: 8
 Concurrent Workers: 2
 Concurrent Refinement Workers: 8
 Periodic GC: Disabled

Heap:
 garbage-first heap   total 129024K, used 27648K [0x0000000082600000, 0x0000000100000000)
  region size 1024K, 26 young (26624K), 3 survivors (3072K)
 Metaspace       used 9946K, committed 10112K, reserved 1114112K
  class space    used 1186K, committed 1280K, reserved 1048576K

Heap Regions: E=young(eden), S=young(survivor), O=old, HS=humongous(starts), HC=humongous(continues), CS=collection set, F=free, OA=open archive, CA=closed archive, TAMS=top-at-mark-start (previous, next)
|   0|0x0000000082600000, 0x0000000082700000, 0x0000000082700000|100%|HS|  |TAMS 0x0000000082600000, 0x0000000082600000| Complete 
|   1|0x0000000082700000, 0x0000000082800000, 0x0000000082800000|100%|HC|  |TAMS 0x0000000082700000, 0x0000000082700000| Complete 
|   2|0x0000000082800000, 0x0000000082900000, 0x0000000082900000|100%|HC|  |TAMS 0x0000000082800000, 0x0000000082800000| Complete 
|   3|0x0000000082900000, 0x0000000082a00000, 0x0000000082a00000|100%|HC|  |TAMS 0x0000000082900000, 0x0000000082900000| Complete 
|   4|0x0000000082a00000, 0x0000000082ab6ac8, 0x0000000082b00000| 73%| O|  |TAMS 0x0000000082a00000, 0x0000000082a00000| Untracked 
|   5|0x0000000082b00000, 0x0000000082b00000, 0x0000000082c00000|  0%| F|  |TAMS 0x0000000082b00000, 0x0000000082b00000| Untracked 
|   6|0x0000000082c00000, 0x0000000082c00000, 0x0000000082d00000|  0%| F|  |TAMS 0x0000000082c00000, 0x0000000082c00000| Untracked 
|   7|0x0000000082d00000, 0x0000000082d00000, 0x0000000082e00000|  0%| F|  |TAMS 0x0000000082d00000, 0x0000000082d00000| Untracked 
|   8|0x0000000082e00000, 0x0000000082e00000, 0x0000000082f00000|  0%| F|  |TAMS 0x0000000082e00000, 0x0000000082e00000| Untracked 
|   9|0x0000000082f00000, 0x0000000082f00000, 0x0000000083000000|  0%| F|  |TAMS 0x0000000082f00000, 0x0000000082f00000| Untracked 
|  10|0x0000000083000000, 0x0000000083000000, 0x0000000083100000|  0%| F|  |TAMS 0x0000000083000000, 0x0000000083000000| Untracked 
|  11|0x0000000083100000, 0x0000000083100000, 0x0000000083200000|  0%| F|  |TAMS 0x0000000083100000, 0x0000000083100000| Untracked 
|  12|0x0000000083200000, 0x0000000083200000, 0x0000000083300000|  0%| F|  |TAMS 0x0000000083200000, 0x0000000083200000| Untracked 
|  13|0x0000000083300000, 0x0000000083300000, 0x0000000083400000|  0%| F|  |TAMS 0x0000000083300000, 0x0000000083300000| Untracked 
|  14|0x0000000083400000, 0x0000000083400000, 0x0000000083500000|  0%| F|  |TAMS 0x0000000083400000, 0x0000000083400000| Untracked 
|  15|0x0000000083500000, 0x0000000083500000, 0x0000000083600000|  0%| F|  |TAMS 0x0000000083500000, 0x0000000083500000| Untracked 
|  16|0x0000000083600000, 0x0000000083600000, 0x0000000083700000|  0%| F|  |TAMS 0x0000000083600000, 0x0000000083600000| Untracked 
|  17|0x0000000083700000, 0x0000000083700000, 0x0000000083800000|  0%| F|  |TAMS 0x0000000083700000, 0x0000000083700000| Untracked 
|  18|0x0000000083800000, 0x0000000083800000, 0x0000000083900000|  0%| F|  |TAMS 0x0000000083800000, 0x0000000083800000| Untracked 
|  19|0x0000000083900000, 0x0000000083900000, 0x0000000083a00000|  0%| F|  |TAMS 0x0000000083900000, 0x0000000083900000| Untracked 
|  20|0x0000000083a00000, 0x0000000083a00000, 0x0000000083b00000|  0%| F|  |TAMS 0x0000000083a00000, 0x0000000083a00000| Untracked 
|  21|0x0000000083b00000, 0x0000000083b00000, 0x0000000083c00000|  0%| F|  |TAMS 0x0000000083b00000, 0x0000000083b00000| Untracked 
|  22|0x0000000083c00000, 0x0000000083c00000, 0x0000000083d00000|  0%| F|  |TAMS 0x0000000083c00000, 0x0000000083c00000| Untracked 
|  23|0x0000000083d00000, 0x0000000083d00000, 0x0000000083e00000|  0%| F|  |TAMS 0x0000000083d00000, 0x0000000083d00000| Untracked 
|  24|0x0000000083e00000, 0x0000000083e00000, 0x0000000083f00000|  0%| F|  |TAMS 0x0000000083e00000, 0x0000000083e00000| Untracked 
|  25|0x0000000083f00000, 0x0000000083f00000, 0x0000000084000000|  0%| F|  |TAMS 0x0000000083f00000, 0x0000000083f00000| Untracked 
|  26|0x0000000084000000, 0x0000000084000000, 0x0000000084100000|  0%| F|  |TAMS 0x0000000084000000, 0x0000000084000000| Untracked 
|  27|0x0000000084100000, 0x0000000084100000, 0x0000000084200000|  0%| F|  |TAMS 0x0000000084100000, 0x0000000084100000| Untracked 
|  28|0x0000000084200000, 0x0000000084200000, 0x0000000084300000|  0%| F|  |TAMS 0x0000000084200000, 0x0000000084200000| Untracked 
|  29|0x0000000084300000, 0x0000000084300000, 0x0000000084400000|  0%| F|  |TAMS 0x0000000084300000, 0x0000000084300000| Untracked 
|  30|0x0000000084400000, 0x0000000084400000, 0x0000000084500000|  0%| F|  |TAMS 0x0000000084400000, 0x0000000084400000| Untracked 
|  31|0x0000000084500000, 0x0000000084500000, 0x0000000084600000|  0%| F|  |TAMS 0x0000000084500000, 0x0000000084500000| Untracked 
|  32|0x0000000084600000, 0x0000000084600000, 0x0000000084700000|  0%| F|  |TAMS 0x0000000084600000, 0x0000000084600000| Untracked 
|  33|0x0000000084700000, 0x0000000084700000, 0x0000000084800000|  0%| F|  |TAMS 0x0000000084700000, 0x0000000084700000| Untracked 
|  34|0x0000000084800000, 0x0000000084800000, 0x0000000084900000|  0%| F|  |TAMS 0x0000000084800000, 0x0000000084800000| Untracked 
|  35|0x0000000084900000, 0x0000000084900000, 0x0000000084a00000|  0%| F|  |TAMS 0x0000000084900000, 0x0000000084900000| Untracked 
|  36|0x0000000084a00000, 0x0000000084a00000, 0x0000000084b00000|  0%| F|  |TAMS 0x0000000084a00000, 0x0000000084a00000| Untracked 
|  37|0x0000000084b00000, 0x0000000084b00000, 0x0000000084c00000|  0%| F|  |TAMS 0x0000000084b00000, 0x0000000084b00000| Untracked 
|  38|0x0000000084c00000, 0x0000000084c00000, 0x0000000084d00000|  0%| F|  |TAMS 0x0000000084c00000, 0x0000000084c00000| Untracked 
|  39|0x0000000084d00000, 0x0000000084d00000, 0x0000000084e00000|  0%| F|  |TAMS 0x0000000084d00000, 0x0000000084d00000| Untracked 
|  40|0x0000000084e00000, 0x0000000084e00000, 0x0000000084f00000|  0%| F|  |TAMS 0x0000000084e00000, 0x0000000084e00000| Untracked 
|  41|0x0000000084f00000, 0x0000000084f00000, 0x0000000085000000|  0%| F|  |TAMS 0x0000000084f00000, 0x0000000084f00000| Untracked 
|  42|0x0000000085000000, 0x0000000085000000, 0x0000000085100000|  0%| F|  |TAMS 0x0000000085000000, 0x0000000085000000| Untracked 
|  43|0x0000000085100000, 0x0000000085100000, 0x0000000085200000|  0%| F|  |TAMS 0x0000000085100000, 0x0000000085100000| Untracked 
|  44|0x0000000085200000, 0x0000000085200000, 0x0000000085300000|  0%| F|  |TAMS 0x0000000085200000, 0x0000000085200000| Untracked 
|  45|0x0000000085300000, 0x0000000085300000, 0x0000000085400000|  0%| F|  |TAMS 0x0000000085300000, 0x0000000085300000| Untracked 
|  46|0x0000000085400000, 0x0000000085400000, 0x0000000085500000|  0%| F|  |TAMS 0x0000000085400000, 0x0000000085400000| Untracked 
|  47|0x0000000085500000, 0x0000000085500000, 0x0000000085600000|  0%| F|  |TAMS 0x0000000085500000, 0x0000000085500000| Untracked 
|  48|0x0000000085600000, 0x0000000085600000, 0x0000000085700000|  0%| F|  |TAMS 0x0000000085600000, 0x0000000085600000| Untracked 
|  49|0x0000000085700000, 0x0000000085700000, 0x0000000085800000|  0%| F|  |TAMS 0x0000000085700000, 0x0000000085700000| Untracked 
|  50|0x0000000085800000, 0x0000000085800000, 0x0000000085900000|  0%| F|  |TAMS 0x0000000085800000, 0x0000000085800000| Untracked 
|  51|0x0000000085900000, 0x0000000085900000, 0x0000000085a00000|  0%| F|  |TAMS 0x0000000085900000, 0x0000000085900000| Untracked 
|  52|0x0000000085a00000, 0x0000000085a00000, 0x0000000085b00000|  0%| F|  |TAMS 0x0000000085a00000, 0x0000000085a00000| Untracked 
|  53|0x0000000085b00000, 0x0000000085b00000, 0x0000000085c00000|  0%| F|  |TAMS 0x0000000085b00000, 0x0000000085b00000| Untracked 
|  54|0x0000000085c00000, 0x0000000085c00000, 0x0000000085d00000|  0%| F|  |TAMS 0x0000000085c00000, 0x0000000085c00000| Untracked 
|  55|0x0000000085d00000, 0x0000000085d00000, 0x0000000085e00000|  0%| F|  |TAMS 0x0000000085d00000, 0x0000000085d00000| Untracked 
|  56|0x0000000085e00000, 0x0000000085e00000, 0x0000000085f00000|  0%| F|  |TAMS 0x0000000085e00000, 0x0000000085e00000| Untracked 
|  57|0x0000000085f00000, 0x0000000085f00000, 0x0000000086000000|  0%| F|  |TAMS 0x0000000085f00000, 0x0000000085f00000| Untracked 
|  58|0x0000000086000000, 0x0000000086000000, 0x0000000086100000|  0%| F|  |TAMS 0x0000000086000000, 0x0000000086000000| Untracked 
|  59|0x0000000086100000, 0x0000000086100000, 0x0000000086200000|  0%| F|  |TAMS 0x0000000086100000, 0x0000000086100000| Untracked 
|  60|0x0000000086200000, 0x0000000086200000, 0x0000000086300000|  0%| F|  |TAMS 0x0000000086200000, 0x0000000086200000| Untracked 
|  61|0x0000000086300000, 0x0000000086300000, 0x0000000086400000|  0%| F|  |TAMS 0x0000000086300000, 0x0000000086300000| Untracked 
|  62|0x0000000086400000, 0x0000000086400000, 0x0000000086500000|  0%| F|  |TAMS 0x0000000086400000, 0x0000000086400000| Untracked 
|  63|0x0000000086500000, 0x0000000086500000, 0x0000000086600000|  0%| F|  |TAMS 0x0000000086500000, 0x0000000086500000| Untracked 
|  64|0x0000000086600000, 0x0000000086600000, 0x0000000086700000|  0%| F|  |TAMS 0x0000000086600000, 0x0000000086600000| Untracked 
|  65|0x0000000086700000, 0x0000000086700000, 0x0000000086800000|  0%| F|  |TAMS 0x0000000086700000, 0x0000000086700000| Untracked 
|  66|0x0000000086800000, 0x0000000086800000, 0x0000000086900000|  0%| F|  |TAMS 0x0000000086800000, 0x0000000086800000| Untracked 
|  67|0x0000000086900000, 0x0000000086900000, 0x0000000086a00000|  0%| F|  |TAMS 0x0000000086900000, 0x0000000086900000| Untracked 
|  68|0x0000000086a00000, 0x0000000086a00000, 0x0000000086b00000|  0%| F|  |TAMS 0x0000000086a00000, 0x0000000086a00000| Untracked 
|  69|0x0000000086b00000, 0x0000000086b00000, 0x0000000086c00000|  0%| F|  |TAMS 0x0000000086b00000, 0x0000000086b00000| Untracked 
|  70|0x0000000086c00000, 0x0000000086c00000, 0x0000000086d00000|  0%| F|  |TAMS 0x0000000086c00000, 0x0000000086c00000| Untracked 
|  71|0x0000000086d00000, 0x0000000086d00000, 0x0000000086e00000|  0%| F|  |TAMS 0x0000000086d00000, 0x0000000086d00000| Untracked 
|  72|0x0000000086e00000, 0x0000000086e00000, 0x0000000086f00000|  0%| F|  |TAMS 0x0000000086e00000, 0x0000000086e00000| Untracked 
|  73|0x0000000086f00000, 0x0000000086f00000, 0x0000000087000000|  0%| F|  |TAMS 0x0000000086f00000, 0x0000000086f00000| Untracked 
|  74|0x0000000087000000, 0x0000000087000000, 0x0000000087100000|  0%| F|  |TAMS 0x0000000087000000, 0x0000000087000000| Untracked 
|  75|0x0000000087100000, 0x0000000087100000, 0x0000000087200000|  0%| F|  |TAMS 0x0000000087100000, 0x0000000087100000| Untracked 
|  76|0x0000000087200000, 0x0000000087200000, 0x0000000087300000|  0%| F|  |TAMS 0x0000000087200000, 0x0000000087200000| Untracked 
|  77|0x0000000087300000, 0x0000000087300000, 0x0000000087400000|  0%| F|  |TAMS 0x0000000087300000, 0x0000000087300000| Untracked 
|  78|0x0000000087400000, 0x0000000087400000, 0x0000000087500000|  0%| F|  |TAMS 0x0000000087400000, 0x0000000087400000| Untracked 
|  79|0x0000000087500000, 0x0000000087500000, 0x0000000087600000|  0%| F|  |TAMS 0x0000000087500000, 0x0000000087500000| Untracked 
|  80|0x0000000087600000, 0x0000000087600000, 0x0000000087700000|  0%| F|  |TAMS 0x0000000087600000, 0x0000000087600000| Untracked 
|  81|0x0000000087700000, 0x0000000087700000, 0x0000000087800000|  0%| F|  |TAMS 0x0000000087700000, 0x0000000087700000| Untracked 
|  82|0x0000000087800000, 0x0000000087800000, 0x0000000087900000|  0%| F|  |TAMS 0x0000000087800000, 0x0000000087800000| Untracked 
|  83|0x0000000087900000, 0x0000000087900000, 0x0000000087a00000|  0%| F|  |TAMS 0x0000000087900000, 0x0000000087900000| Untracked 
|  84|0x0000000087a00000, 0x0000000087a00000, 0x0000000087b00000|  0%| F|  |TAMS 0x0000000087a00000, 0x0000000087a00000| Untracked 
|  85|0x0000000087b00000, 0x0000000087b00000, 0x0000000087c00000|  0%| F|  |TAMS 0x0000000087b00000, 0x0000000087b00000| Untracked 
|  86|0x0000000087c00000, 0x0000000087c00000, 0x0000000087d00000|  0%| F|  |TAMS 0x0000000087c00000, 0x0000000087c00000| Untracked 
|  87|0x0000000087d00000, 0x0000000087d00000, 0x0000000087e00000|  0%| F|  |TAMS 0x0000000087d00000, 0x0000000087d00000| Untracked 
|  88|0x0000000087e00000, 0x0000000087e00000, 0x0000000087f00000|  0%| F|  |TAMS 0x0000000087e00000, 0x0000000087e00000| Untracked 
|  89|0x0000000087f00000, 0x0000000087f00000, 0x0000000088000000|  0%| F|  |TAMS 0x0000000087f00000, 0x0000000087f00000| Untracked 
|  90|0x0000000088000000, 0x0000000088000000, 0x0000000088100000|  0%| F|  |TAMS 0x0000000088000000, 0x0000000088000000| Untracked 
|  91|0x0000000088100000, 0x0000000088100000, 0x0000000088200000|  0%| F|  |TAMS 0x0000000088100000, 0x0000000088100000| Untracked 
|  92|0x0000000088200000, 0x0000000088200000, 0x0000000088300000|  0%| F|  |TAMS 0x0000000088200000, 0x0000000088200000| Untracked 
|  93|0x0000000088300000, 0x0000000088300000, 0x0000000088400000|  0%| F|  |TAMS 0x0000000088300000, 0x0000000088300000| Untracked 
|  94|0x0000000088400000, 0x0000000088400000, 0x0000000088500000|  0%| F|  |TAMS 0x0000000088400000, 0x0000000088400000| Untracked 
|  95|0x0000000088500000, 0x0000000088500000, 0x0000000088600000|  0%| F|  |TAMS 0x0000000088500000, 0x0000000088500000| Untracked 
|  96|0x0000000088600000, 0x0000000088600000, 0x0000000088700000|  0%| F|  |TAMS 0x0000000088600000, 0x0000000088600000| Untracked 
|  97|0x0000000088700000, 0x0000000088700000, 0x0000000088800000|  0%| F|  |TAMS 0x0000000088700000, 0x0000000088700000| Untracked 
|  98|0x0000000088800000, 0x0000000088800000, 0x0000000088900000|  0%| F|  |TAMS 0x0000000088800000, 0x0000000088800000| Untracked 
|  99|0x0000000088900000, 0x0000000088900000, 0x0000000088a00000|  0%| F|  |TAMS 0x0000000088900000, 0x0000000088900000| Untracked 
| 100|0x0000000088a00000, 0x0000000088b00000, 0x0000000088b00000|100%| S|CS|TAMS 0x0000000088a00000, 0x0000000088a00000| Complete 
| 101|0x0000000088b00000, 0x0000000088c00000, 0x0000000088c00000|100%| S|CS|TAMS 0x0000000088b00000, 0x0000000088b00000| Complete 
| 102|0x0000000088c00000, 0x0000000088d00000, 0x0000000088d00000|100%| S|CS|TAMS 0x0000000088c00000, 0x0000000088c00000| Complete 
| 103|0x0000000088d00000, 0x0000000088d00000, 0x0000000088e00000|  0%| F|  |TAMS 0x0000000088d00000, 0x0000000088d00000| Untracked 
| 104|0x0000000088e00000, 0x0000000088e00000, 0x0000000088f00000|  0%| F|  |TAMS 0x0000000088e00000, 0x0000000088e00000| Untracked 
| 105|0x0000000088f00000, 0x0000000088f00000, 0x0000000089000000|  0%| F|  |TAMS 0x0000000088f00000, 0x0000000088f00000| Untracked 
| 106|0x0000000089000000, 0x0000000089000000, 0x0000000089100000|  0%| F|  |TAMS 0x0000000089000000, 0x0000000089000000| Untracked 
| 107|0x0000000089100000, 0x0000000089100000, 0x0000000089200000|  0%| F|  |TAMS 0x0000000089100000, 0x0000000089100000| Untracked 
| 108|0x0000000089200000, 0x0000000089200000, 0x0000000089300000|  0%| F|  |TAMS 0x0000000089200000, 0x0000000089200000| Untracked 
| 109|0x0000000089300000, 0x0000000089300000, 0x0000000089400000|  0%| F|  |TAMS 0x0000000089300000, 0x0000000089300000| Untracked 
| 110|0x0000000089400000, 0x0000000089400000, 0x0000000089500000|  0%| F|  |TAMS 0x0000000089400000, 0x0000000089400000| Untracked 
| 111|0x0000000089500000, 0x0000000089500000, 0x0000000089600000|  0%| F|  |TAMS 0x0000000089500000, 0x0000000089500000| Untracked 
| 112|0x0000000089600000, 0x0000000089600000, 0x0000000089700000|  0%| F|  |TAMS 0x0000000089600000, 0x0000000089600000| Untracked 
| 113|0x0000000089700000, 0x0000000089700000, 0x0000000089800000|  0%| F|  |TAMS 0x0000000089700000, 0x0000000089700000| Untracked 
| 114|0x0000000089800000, 0x0000000089800000, 0x0000000089900000|  0%| F|  |TAMS 0x0000000089800000, 0x0000000089800000| Untracked 
| 115|0x0000000089900000, 0x0000000089900000, 0x0000000089a00000|  0%| F|  |TAMS 0x0000000089900000, 0x0000000089900000| Untracked 
| 116|0x0000000089a00000, 0x0000000089a00000, 0x0000000089b00000|  0%| F|  |TAMS 0x0000000089a00000, 0x0000000089a00000| Untracked 
| 117|0x0000000089b00000, 0x0000000089b00000, 0x0000000089c00000|  0%| F|  |TAMS 0x0000000089b00000, 0x0000000089b00000| Untracked 
| 118|0x0000000089c00000, 0x0000000089c00000, 0x0000000089d00000|  0%| F|  |TAMS 0x0000000089c00000, 0x0000000089c00000| Untracked 
| 119|0x0000000089d00000, 0x0000000089d00000, 0x0000000089e00000|  0%| F|  |TAMS 0x0000000089d00000, 0x0000000089d00000| Untracked 
| 120|0x0000000089e00000, 0x0000000089e00000, 0x0000000089f00000|  0%| F|  |TAMS 0x0000000089e00000, 0x0000000089e00000| Untracked 
| 121|0x0000000089f00000, 0x0000000089f00000, 0x000000008a000000|  0%| F|  |TAMS 0x0000000089f00000, 0x0000000089f00000| Untracked 
| 122|0x000000008a000000, 0x000000008a000000, 0x000000008a100000|  0%| F|  |TAMS 0x000000008a000000, 0x000000008a000000| Untracked 
| 123|0x000000008a100000, 0x000000008a100000, 0x000000008a200000|  0%| F|  |TAMS 0x000000008a100000, 0x000000008a100000| Untracked 
| 124|0x000000008a200000, 0x000000008a200000, 0x000000008a300000|  0%| F|  |TAMS 0x000000008a200000, 0x000000008a200000| Untracked 
| 125|0x000000008a300000, 0x000000008a3bbc58, 0x000000008a400000| 73%| E|  |TAMS 0x000000008a300000, 0x000000008a300000| Complete 

Card table byte_map: [0x000001e9a4460000,0x000001e9a4850000] _byte_map_base: 0x000001e9a404d000

Marking Bits (Prev, Next): (CMBitMap*) 0x000001e98b50e710, (CMBitMap*) 0x000001e98b50e750
 Prev Bits: [0x000001e9a4c40000, 0x000001e9a6ba8000)
 Next Bits: [0x000001e9a6bb0000, 0x000001e9a8b18000)

Polling page: 0x000001e98b580000

Metaspace:

Usage:
  Non-class:      8.56 MB used.
      Class:      1.16 MB used.
       Both:      9.72 MB used.

Virtual space:
  Non-class space:       64.00 MB reserved,       8.62 MB ( 13%) committed,  1 nodes.
      Class space:        1.00 GB reserved,       1.25 MB ( <1%) committed,  1 nodes.
             Both:        1.06 GB reserved,       9.88 MB ( <1%) committed. 

Chunk freelists:
   Non-Class:  3.00 MB
       Class:  2.72 MB
        Both:  5.73 MB

MaxMetaspaceSize: unlimited
CompressedClassSpaceSize: 1.00 GB
Initial GC threshold: 21.00 MB
Current GC threshold: 21.00 MB
CDS: on
MetaspaceReclaimPolicy: balanced
 - commit_granule_bytes: 65536.
 - commit_granule_words: 8192.
 - virtual_space_node_default_size: 8388608.
 - enlarge_chunks_in_place: 1.
 - new_chunks_are_fully_committed: 0.
 - uncommit_free_chunks: 1.
 - use_allocation_guard: 0.


Internal statistics:

num_allocs_failed_limit: 0.
num_arena_births: 132.
num_arena_deaths: 0.
num_vsnodes_births: 2.
num_vsnodes_deaths: 0.
num_space_committed: 158.
num_space_uncommitted: 0.
num_chunks_returned_to_freelist: 0.
num_chunks_taken_from_freelist: 201.
num_chunk_merges: 0.
num_chunk_splits: 113.
num_chunks_enlarged: 45.
num_inconsistent_stats: 0.

CodeHeap 'non-profiled nmethods': size=120000Kb used=485Kb max_used=485Kb free=119514Kb
 bounds [0x000001e99c0c0000, 0x000001e99c330000, 0x000001e9a35f0000]
CodeHeap 'profiled nmethods': size=120000Kb used=2626Kb max_used=2626Kb free=117373Kb
 bounds [0x000001e994b90000, 0x000001e994e30000, 0x000001e99c0c0000]
CodeHeap 'non-nmethods': size=5760Kb used=1299Kb max_used=1343Kb free=4460Kb
 bounds [0x000001e9945f0000, 0x000001e994860000, 0x000001e994b90000]
 total_blobs=2174 nmethods=1552 adapters=535
 compilation: enabled
              stopped_count=0, restarted_count=0
 full_count=0

Compilation events (20 events):
Event: 0.738 Thread 0x000001e9ab5904e0 1539   !   3       sun.font.TrueTypeFont::getAllFullNames (30 bytes)
Event: 0.739 Thread 0x000001e9ab5904e0 nmethod 1539 0x000001e994e19a10 code [0x000001e994e19c20, 0x000001e994e1a508]
Event: 0.739 Thread 0x000001e9ab5904e0 1541  s    3       sun.font.FontFamily::addLocaleNames (45 bytes)
Event: 0.739 Thread 0x000001e9ab5904e0 nmethod 1541 0x000001e994e1a810 code [0x000001e994e1aa40, 0x000001e994e1b2c8]
Event: 0.739 Thread 0x000001e9ab5904e0 1540   !   3       sun.font.TrueTypeFont::getAllFamilyNames (30 bytes)
Event: 0.739 Thread 0x000001e9ab5904e0 nmethod 1540 0x000001e994e1b590 code [0x000001e994e1b7a0, 0x000001e994e1c088]
Event: 0.740 Thread 0x000001e9ab585a70 nmethod 1538 0x000001e99c12f890 code [0x000001e99c12fa40, 0x000001e99c130168]
Event: 0.752 Thread 0x000001e9ab585a70 1542   !   4       sun.nio.cs.UnicodeDecoder::decodeLoop (304 bytes)
Event: 0.754 Thread 0x000001e9ab5904e0 1543       3       java.lang.StringUTF16::newBytesFor (61 bytes)
Event: 0.754 Thread 0x000001e9ab5904e0 nmethod 1543 0x000001e994e1c390 code [0x000001e994e1c600, 0x000001e994e1cee8]
Event: 0.758 Thread 0x000001e9ab585a70 nmethod 1542 0x000001e99c130410 code [0x000001e99c1305c0, 0x000001e99c130b38]
Event: 0.758 Thread 0x000001e9ab585a70 1544       4       java.lang.StringUTF16::compress (20 bytes)
Event: 0.759 Thread 0x000001e9ab585a70 nmethod 1544 0x000001e99c131010 code [0x000001e99c1311a0, 0x000001e99c1313f8]
Event: 0.761 Thread 0x000001e9ab585a70 1545       4       sun.font.TrueTypeFont::initAllNames (182 bytes)
Event: 0.762 Thread 0x000001e9af8d4390 nmethod 1521 0x000001e99c131510 code [0x000001e99c131860, 0x000001e99c135f70]
Event: 0.763 Thread 0x000001e9af8d4390 1546       4       sun.nio.ch.FileDispatcherImpl::seek (6 bytes)
Event: 0.763 Thread 0x000001e9af8d4390 nmethod 1546 0x000001e99c138b90 code [0x000001e99c138d20, 0x000001e99c138dc8]
Event: 0.763 Thread 0x000001e9af8d4390 1547       4       sun.nio.ch.IOUtil::read (14 bytes)
Event: 0.764 Thread 0x000001e9ab5904e0 1549   !   3       sun.font.TrueTypeFont::getTableBuffer (215 bytes)
Event: 0.764 Thread 0x000001e9ab5904e0 nmethod 1549 0x000001e994e1d210 code [0x000001e994e1d4c0, 0x000001e994e1e1d8]

GC Heap History (0 events):
No events

Deoptimization events (20 events):
Event: 0.368 Thread 0x000001e98b36b220 Uncommon trap: trap_request=0xffffff45 fr.pc=0x000001e99c0d5d7c relative=0x00000000000004dc
Event: 0.368 Thread 0x000001e98b36b220 Uncommon trap: reason=unstable_if action=reinterpret pc=0x000001e99c0d5d7c method=java.lang.StringLatin1.newString([BII)Ljava/lang/String; @ 1 c2
Event: 0.368 Thread 0x000001e98b36b220 DEOPT PACKING pc=0x000001e99c0d5d7c sp=0x00000094112feba0
Event: 0.368 Thread 0x000001e98b36b220 DEOPT UNPACKING pc=0x000001e9946423a3 sp=0x00000094112feb00 mode 2
Event: 0.504 Thread 0x000001e9b06c21f0 Uncommon trap: trap_request=0xffffff45 fr.pc=0x000001e99c11be70 relative=0x0000000000000530
Event: 0.504 Thread 0x000001e9b06c21f0 Uncommon trap: reason=unstable_if action=reinterpret pc=0x000001e99c11be70 method=java.lang.StringLatin1.toLowerCase(Ljava/lang/String;[BLjava/util/Locale;)Ljava/lang/String; @ 43 c2
Event: 0.504 Thread 0x000001e9b06c21f0 DEOPT PACKING pc=0x000001e99c11be70 sp=0x00000094129fce90
Event: 0.504 Thread 0x000001e9b06c21f0 DEOPT UNPACKING pc=0x000001e9946423a3 sp=0x00000094129fce00 mode 2
Event: 0.695 Thread 0x000001e9b06c21f0 Uncommon trap: trap_request=0xffffff45 fr.pc=0x000001e99c0cdd28 relative=0x00000000000001a8
Event: 0.695 Thread 0x000001e9b06c21f0 Uncommon trap: reason=unstable_if action=reinterpret pc=0x000001e99c0cdd28 method=java.lang.String.isLatin1()Z @ 10 c2
Event: 0.695 Thread 0x000001e9b06c21f0 DEOPT PACKING pc=0x000001e99c0cdd28 sp=0x00000094129fcd40
Event: 0.695 Thread 0x000001e9b06c21f0 DEOPT UNPACKING pc=0x000001e9946423a3 sp=0x00000094129fcc70 mode 2
Event: 0.723 Thread 0x000001e9b06c21f0 Uncommon trap: trap_request=0xffffff45 fr.pc=0x000001e99c12b3ec relative=0x000000000000042c
Event: 0.723 Thread 0x000001e9b06c21f0 Uncommon trap: reason=unstable_if action=reinterpret pc=0x000001e99c12b3ec method=java.lang.Character.isSurrogate(C)Z @ 3 c2
Event: 0.723 Thread 0x000001e9b06c21f0 DEOPT PACKING pc=0x000001e99c12b3ec sp=0x00000094129fc950
Event: 0.723 Thread 0x000001e9b06c21f0 DEOPT UNPACKING pc=0x000001e9946423a3 sp=0x00000094129fc878 mode 2
Event: 0.762 Thread 0x000001e9b06c21f0 Uncommon trap: trap_request=0xffffff45 fr.pc=0x000001e99c1358f8 relative=0x0000000000004098
Event: 0.762 Thread 0x000001e9b06c21f0 Uncommon trap: reason=unstable_if action=reinterpret pc=0x000001e99c1358f8 method=sun.font.TrueTypeFont.getTableBuffer(I)Ljava/nio/ByteBuffer; @ 109 c2
Event: 0.762 Thread 0x000001e9b06c21f0 DEOPT PACKING pc=0x000001e99c1358f8 sp=0x00000094129fcc90
Event: 0.762 Thread 0x000001e9b06c21f0 DEOPT UNPACKING pc=0x000001e9946423a3 sp=0x00000094129fcca0 mode 2

Classes loaded (20 events):
Event: 0.484 Loading class java/awt/GradientPaintContext
Event: 0.484 Loading class java/awt/PaintContext
Event: 0.484 Loading class java/awt/PaintContext done
Event: 0.484 Loading class java/awt/GradientPaintContext done
Event: 0.484 Loading class java/awt/geom/Point2D$Double
Event: 0.484 Loading class java/awt/geom/Point2D$Double done
Event: 0.484 Loading class sun/java2d/pipe/AlphaPaintPipe$TileContext
Event: 0.484 Loading class sun/java2d/pipe/AlphaPaintPipe$TileContext done
Event: 0.484 Loading class sun/awt/image/BufImgSurfaceManager
Event: 0.484 Loading class sun/awt/image/BufImgSurfaceManager done
Event: 0.487 Loading class sun/font/SunFontManager$FamilyDescription
Event: 0.487 Loading class sun/font/SunFontManager$FamilyDescription done
Event: 0.506 Loading class sun/font/SunFontManager$3
Event: 0.506 Loading class sun/font/SunFontManager$3 done
Event: 0.517 Loading class sun/font/SunFontManager$8
Event: 0.517 Loading class sun/font/SunFontManager$8 done
Event: 0.609 Loading class sun/font/SunFontManager$9
Event: 0.609 Loading class sun/font/SunFontManager$9 done
Event: 0.673 Loading class jdk/internal/access/foreign/MemorySegmentProxy
Event: 0.673 Loading class jdk/internal/access/foreign/MemorySegmentProxy done

Classes unloaded (0 events):
No events

Classes redefined (0 events):
No events

Internal exceptions (20 events):
Event: 0.075 Thread 0x000001e98b36b220 Exception <a 'java/lang/NoSuchMethodError'{0x000000008a1431a8}: 'void java.lang.invoke.DirectMethodHandle$Holder.invokeSpecial(java.lang.Object, java.lang.Object, java.lang.Object)'> (0x000000008a1431a8) 
thrown [s\open\src\hotspot\share\interpreter\linkResolver.cpp, line 759]
Event: 0.082 Thread 0x000001e98b36b220 Exception <a 'java/lang/NoSuchMethodError'{0x000000008a172d60}: 'void java.lang.invoke.DirectMethodHandle$Holder.invokeSpecial(java.lang.Object, java.lang.Object, java.lang.Object, java.lang.Object, java.lang.Object)'> (0x000000008a172d60) 
thrown [s\open\src\hotspot\share\interpreter\linkResolver.cpp, line 759]
Event: 0.084 Thread 0x000001e98b36b220 Exception <a 'java/lang/NoSuchMethodError'{0x000000008a182f28}: 'java.lang.Object java.lang.invoke.DirectMethodHandle$Holder.invokeInterface(java.lang.Object, java.lang.Object)'> (0x000000008a182f28) 
thrown [s\open\src\hotspot\share\interpreter\linkResolver.cpp, line 759]
Event: 0.084 Thread 0x000001e98b36b220 Exception <a 'java/lang/IncompatibleClassChangeError'{0x000000008a186470}: Found class java.lang.Object, but interface was expected> (0x000000008a186470) 
thrown [s\open\src\hotspot\share\interpreter\linkResolver.cpp, line 826]
Event: 0.085 Thread 0x000001e98b36b220 Exception <a 'java/lang/NoSuchMethodError'{0x000000008a189360}: 'void java.lang.invoke.DirectMethodHandle$Holder.invokeStatic(java.lang.Object, java.lang.Object, java.lang.Object, java.lang.Object)'> (0x000000008a189360) 
thrown [s\open\src\hotspot\share\interpreter\linkResolver.cpp, line 759]
Event: 0.109 Thread 0x000001e98b36b220 Exception <a 'java/lang/ClassNotFoundException'{0x000000008a05f558}: sun/awt/resources/spi/awtProvider> (0x000000008a05f558) 
thrown [s\open\src\hotspot\share\classfile\systemDictionary.cpp, line 255]
Event: 0.127 Thread 0x000001e98b36b220 Exception <a 'java/io/FileNotFoundException'{0x000000008a0b1338}> (0x000000008a0b1338) 
thrown [s\open\src\hotspot\share\prims\jni.cpp, line 516]
Event: 0.133 Thread 0x000001e98b36b220 Exception <a 'java/io/FileNotFoundException'{0x000000008a0de420}> (0x000000008a0de420) 
thrown [s\open\src\hotspot\share\prims\jni.cpp, line 516]
Event: 0.159 Thread 0x000001e98b36b220 Exception <a 'java/lang/NoSuchMethodError'{0x0000000089f35a58}: 'java.lang.Object java.lang.invoke.DirectMethodHandle$Holder.invokeStaticInit(java.lang.Object)'> (0x0000000089f35a58) 
thrown [s\open\src\hotspot\share\interpreter\linkResolver.cpp, line 759]
Event: 0.188 Thread 0x000001e98b36b220 Exception <a 'java/lang/NoSuchMethodError'{0x0000000089e1b830}: 'java.lang.Object java.lang.invoke.DirectMethodHandle$Holder.newInvokeSpecial(java.lang.Object, java.lang.Object, java.lang.Object, java.lang.Object, java.lang.Object)'> (0x0000000089e1b830) 
thrown [s\open\src\hotspot\share\interpreter\linkResolver.cpp, line 759]
Event: 0.192 Thread 0x000001e98b36b220 Exception <a 'java/lang/NoSuchMethodError'{0x0000000089e4d340}: 'java.lang.Object java.lang.invoke.DirectMethodHandle$Holder.invokeStatic(java.lang.Object, int, java.lang.Object)'> (0x0000000089e4d340) 
thrown [s\open\src\hotspot\share\interpreter\linkResolver.cpp, line 759]
Event: 0.210 Thread 0x000001e98b36b220 Exception <a 'java/lang/ClassNotFoundException'{0x0000000089d09df0}: com/sun/swing/internal/plaf/metal/resources/spi/metalProvider> (0x0000000089d09df0) 
thrown [s\open\src\hotspot\share\classfile\systemDictionary.cpp, line 255]
Event: 0.211 Thread 0x000001e98b36b220 Exception <a 'java/lang/ClassNotFoundException'{0x0000000089d0de28}: com/sun/swing/internal/plaf/basic/resources/spi/basicProvider> (0x0000000089d0de28) 
thrown [s\open\src\hotspot\share\classfile\systemDictionary.cpp, line 255]
Event: 0.214 Thread 0x000001e98b36b220 Implicit null exception at 0x000001e99c0e9560 to 0x000001e99c0e95fa
Event: 0.216 Thread 0x000001e98b36b220 Exception <a 'java/lang/NoSuchMethodError'{0x0000000089d2e228}: 'int java.lang.invoke.Invokers$Holder.invokeExact_MT(java.lang.Object, java.lang.Object)'> (0x0000000089d2e228) 
thrown [s\open\src\hotspot\share\interpreter\linkResolver.cpp, line 759]
Event: 0.218 Thread 0x000001e98b36b220 Implicit null exception at 0x000001e99c0d528f to 0x000001e99c0d5309
Event: 0.374 Thread 0x000001e9b07e7080 Exception <a 'java/lang/NoSuchMethodError'{0x0000000089989e80}: 'java.lang.Object java.lang.invoke.DirectMethodHandle$Holder.newInvokeSpecial(java.lang.Object, java.lang.Object, java.lang.Object, int, int, int, int, int)'> (0x0000000089989e80) 
thrown [s\open\src\hotspot\share\interpreter\linkResolver.cpp, line 759]
Event: 0.388 Thread 0x000001e9afb1ba20 Exception <a 'java/lang/NoSuchMethodError'{0x0000000089f85c58}: 'void java.lang.invoke.DirectMethodHandle$Holder.invokeVirtual(java.lang.Object, java.lang.Object)'> (0x0000000089f85c58) 
thrown [s\open\src\hotspot\share\interpreter\linkResolver.cpp, line 759]
Event: 0.397 Thread 0x000001e98b36b220 Exception <a 'java/lang/NoSuchMethodError'{0x00000000899f6fb0}: 'void java.lang.invoke.DirectMethodHandle$Holder.invokeStaticInit(java.lang.Object)'> (0x00000000899f6fb0) 
thrown [s\open\src\hotspot\share\interpreter\linkResolver.cpp, line 759]
Event: 0.762 Thread 0x000001e9b06c21f0 Implicit null exception at 0x000001e99c131c33 to 0x000001e99c1358d4

VM Operations (18 events):
Event: 0.053 Executing VM operation: HandshakeAllThreads
Event: 0.053 Executing VM operation: HandshakeAllThreads done
Event: 0.083 Executing VM operation: HandshakeAllThreads
Event: 0.083 Executing VM operation: HandshakeAllThreads done
Event: 0.231 Executing VM operation: HandshakeAllThreads
Event: 0.231 Executing VM operation: HandshakeAllThreads done
Event: 0.262 Executing VM operation: HandshakeAllThreads
Event: 0.262 Executing VM operation: HandshakeAllThreads done
Event: 0.369 Executing VM operation: HandshakeAllThreads
Event: 0.369 Executing VM operation: HandshakeAllThreads done
Event: 0.372 Executing VM operation: HandshakeAllThreads
Event: 0.372 Executing VM operation: HandshakeAllThreads done
Event: 0.380 Executing VM operation: ICBufferFull
Event: 0.380 Executing VM operation: ICBufferFull done
Event: 0.384 Executing VM operation: HandshakeAllThreads
Event: 0.384 Executing VM operation: HandshakeAllThreads done
Event: 0.443 Executing VM operation: HandshakeAllThreads
Event: 0.443 Executing VM operation: HandshakeAllThreads done

Events (20 events):
Event: 0.023 Thread 0x000001e9ab5904e0 Thread added: 0x000001e9ab5904e0
Event: 0.023 Thread 0x000001e9ab594a00 Thread added: 0x000001e9ab594a00
Event: 0.038 Thread 0x000001e9ab553dc0 Thread added: 0x000001e9ab553dc0
Event: 0.047 Loaded shared library C:\Program Files\Java\jdk-18.0.2.1\bin\net.dll
Event: 0.048 Loaded shared library C:\Program Files\Java\jdk-18.0.2.1\bin\nio.dll
Event: 0.052 Loaded shared library C:\Program Files\Java\jdk-18.0.2.1\bin\zip.dll
Event: 0.069 Thread 0x000001e9af8d4390 Thread added: 0x000001e9af8d4390
Event: 0.093 Thread 0x000001e9af9d9190 Thread added: 0x000001e9af9d9190
Event: 0.104 Loaded shared library C:\Program Files\Java\jdk-18.0.2.1\bin\jimage.dll
Event: 0.117 Loaded shared library C:\Program Files\Java\jdk-18.0.2.1\bin\awt.dll
Event: 0.159 Thread 0x000001e9afae8b00 Thread added: 0x000001e9afae8b00
Event: 0.160 Thread 0x000001e9afb14430 Thread added: 0x000001e9afb14430
Event: 0.160 Thread 0x000001e9afb1ba20 Thread added: 0x000001e9afb1ba20
Event: 0.234 Loaded shared library C:\Program Files\Java\jdk-18.0.2.1\bin\verify.dll
Event: 0.283 Loaded shared library C:\Program Files\Java\jdk-18.0.2.1\bin\freetype.dll
Event: 0.284 Loaded shared library C:\Program Files\Java\jdk-18.0.2.1\bin\fontmanager.dll
Event: 0.306 Thread 0x000001e9b06c21f0 Thread added: 0x000001e9b06c21f0
Event: 0.371 Thread 0x000001e9b07e7080 Thread added: 0x000001e9b07e7080
Event: 0.443 Thread 0x000001e98b36b220 Thread exited: 0x000001e98b36b220
Event: 0.443 Thread 0x000001e98b36b220 Thread added: 0x000001e98b36b220


Dynamic libraries:
0x00007ff778540000 - 0x00007ff778550000 	C:\Program Files\Java\jdk-18.0.2.1\bin\javaw.exe
0x00007ffc944f0000 - 0x00007ffc946e8000 	C:\WINDOWS\SYSTEM32\ntdll.dll
0x00007ffc930a0000 - 0x00007ffc9315f000 	C:\WINDOWS\System32\KERNEL32.DLL
0x00007ffc91bd0000 - 0x00007ffc91ec6000 	C:\WINDOWS\System32\KERNELBASE.dll
0x00007ffc91f70000 - 0x00007ffc92070000 	C:\WINDOWS\System32\ucrtbase.dll
0x00007ffc53020000 - 0x00007ffc5303a000 	C:\Program Files\Java\jdk-18.0.2.1\bin\VCRUNTIME140.dll
0x00007ffc57570000 - 0x00007ffc57588000 	C:\Program Files\Java\jdk-18.0.2.1\bin\jli.dll
0x00007ffc94210000 - 0x00007ffc942bf000 	C:\WINDOWS\System32\ADVAPI32.dll
0x00007ffc94110000 - 0x00007ffc941ae000 	C:\WINDOWS\System32\msvcrt.dll
0x00007ffc93370000 - 0x00007ffc9340c000 	C:\WINDOWS\System32\sechost.dll
0x00007ffc942c0000 - 0x00007ffc943e6000 	C:\WINDOWS\System32\RPCRT4.dll
0x00007ffc92580000 - 0x00007ffc9271d000 	C:\WINDOWS\System32\USER32.dll
0x00007ffc91f40000 - 0x00007ffc91f62000 	C:\WINDOWS\System32\win32u.dll
0x00007ffc7fce0000 - 0x00007ffc7ff7a000 	C:\WINDOWS\WinSxS\amd64_microsoft.windows.common-controls_6595b64144ccf1df_6.0.19041.1110_none_60b5254171f9507e\COMCTL32.dll
0x00007ffc93f70000 - 0x00007ffc93f9c000 	C:\WINDOWS\System32\GDI32.dll
0x00007ffc923e0000 - 0x00007ffc924f5000 	C:\WINDOWS\System32\gdi32full.dll
0x00007ffc92150000 - 0x00007ffc921ed000 	C:\WINDOWS\System32\msvcp_win.dll
0x00007ffc8b490000 - 0x00007ffc8b49a000 	C:\WINDOWS\SYSTEM32\VERSION.dll
0x00007ffc92550000 - 0x00007ffc92580000 	C:\WINDOWS\System32\IMM32.DLL
0x00007ffc6d480000 - 0x00007ffc6d48c000 	C:\Program Files\Java\jdk-18.0.2.1\bin\vcruntime140_1.dll
0x00007ffc50fc0000 - 0x00007ffc5104d000 	C:\Program Files\Java\jdk-18.0.2.1\bin\msvcp140.dll
0x00007ffc3eb20000 - 0x00007ffc3f731000 	C:\Program Files\Java\jdk-18.0.2.1\bin\server\jvm.dll
0x00007ffc92720000 - 0x00007ffc92728000 	C:\WINDOWS\System32\PSAPI.DLL
0x00007ffc8f390000 - 0x00007ffc8f399000 	C:\WINDOWS\SYSTEM32\WSOCK32.dll
0x00007ffc80130000 - 0x00007ffc80157000 	C:\WINDOWS\SYSTEM32\WINMM.dll
0x00007ffc94080000 - 0x00007ffc940eb000 	C:\WINDOWS\System32\WS2_32.dll
0x00007ffc8f9a0000 - 0x00007ffc8f9b2000 	C:\WINDOWS\SYSTEM32\kernel.appcore.dll
0x00007ffc8d870000 - 0x00007ffc8d87a000 	C:\Program Files\Java\jdk-18.0.2.1\bin\jimage.dll
0x00007ffc7c9e0000 - 0x00007ffc7cbc4000 	C:\WINDOWS\SYSTEM32\DBGHELP.DLL
0x00007ffc7b7e0000 - 0x00007ffc7b814000 	C:\WINDOWS\SYSTEM32\dbgcore.DLL
0x00007ffc921f0000 - 0x00007ffc92272000 	C:\WINDOWS\System32\bcryptPrimitives.dll
0x00007ffc8d6d0000 - 0x00007ffc8d6f5000 	C:\Program Files\Java\jdk-18.0.2.1\bin\java.dll
0x00007ffc8c9e0000 - 0x00007ffc8cab6000 	C:\Program Files\Java\jdk-18.0.2.1\bin\jsvml.dll
0x00007ffc92950000 - 0x00007ffc93094000 	C:\WINDOWS\System32\SHELL32.dll
0x00007ffc8fc80000 - 0x00007ffc90413000 	C:\WINDOWS\SYSTEM32\windows.storage.dll
0x00007ffc93600000 - 0x00007ffc93954000 	C:\WINDOWS\System32\combase.dll
0x00007ffc91620000 - 0x00007ffc9164e000 	C:\WINDOWS\SYSTEM32\Wldp.dll
0x00007ffc94400000 - 0x00007ffc944ad000 	C:\WINDOWS\System32\SHCORE.dll
0x00007ffc935a0000 - 0x00007ffc935f5000 	C:\WINDOWS\System32\shlwapi.dll
0x00007ffc91b10000 - 0x00007ffc91b2f000 	C:\WINDOWS\SYSTEM32\profapi.dll
0x00007ffc8d850000 - 0x00007ffc8d863000 	C:\Program Files\Java\jdk-18.0.2.1\bin\net.dll
0x00007ffc88830000 - 0x00007ffc8893a000 	C:\WINDOWS\SYSTEM32\WINHTTP.dll
0x00007ffc91310000 - 0x00007ffc9137a000 	C:\WINDOWS\system32\mswsock.dll
0x00007ffc8d090000 - 0x00007ffc8d0a6000 	C:\Program Files\Java\jdk-18.0.2.1\bin\nio.dll
0x00007ffc8cc30000 - 0x00007ffc8cc48000 	C:\Program Files\Java\jdk-18.0.2.1\bin\zip.dll
0x00007ffc5c8c0000 - 0x00007ffc5ca4f000 	C:\Program Files\Java\jdk-18.0.2.1\bin\awt.dll
0x00007ffc93410000 - 0x00007ffc934dd000 	C:\WINDOWS\System32\OLEAUT32.dll
0x00007ffc8f470000 - 0x00007ffc8f501000 	C:\WINDOWS\SYSTEM32\apphelp.dll
0x00007ffc8f970000 - 0x00007ffc8f99f000 	C:\WINDOWS\system32\DWMAPI.DLL
0x00007ffc8f5b0000 - 0x00007ffc8f64e000 	C:\WINDOWS\system32\uxtheme.dll
0x00007ffc71c80000 - 0x00007ffc71da5000 	C:\WINDOWS\system32\opengl32.dll
0x00007ffc806c0000 - 0x00007ffc806ec000 	C:\WINDOWS\SYSTEM32\GLU32.dll
0x00007ffc93e50000 - 0x00007ffc93f64000 	C:\WINDOWS\System32\MSCTF.dll
0x00007ffc92820000 - 0x00007ffc9294a000 	C:\WINDOWS\System32\ole32.dll
0x00007ffc6bc30000 - 0x00007ffc6bc40000 	C:\Program Files\Java\jdk-18.0.2.1\bin\verify.dll
0x00007ffc5cf50000 - 0x00007ffc5cfd6000 	C:\Program Files\Java\jdk-18.0.2.1\bin\freetype.dll
0x00007ffc5b260000 - 0x00007ffc5b308000 	C:\Program Files\Java\jdk-18.0.2.1\bin\fontmanager.dll
0x00007ffc934f0000 - 0x00007ffc93599000 	C:\WINDOWS\System32\clbcatq.dll
0x00007ffc8b110000 - 0x00007ffc8b2c4000 	C:\WINDOWS\SYSTEM32\WindowsCodecs.dll
0x00007ffc92070000 - 0x00007ffc92097000 	C:\WINDOWS\System32\bcrypt.dll
0x00007ffc7e550000 - 0x00007ffc7e58e000 	C:\WINDOWS\system32\dataexchange.dll
0x00007ffc8e8c0000 - 0x00007ffc8eaa3000 	C:\WINDOWS\system32\dcomp.dll
0x00007ffc8d8e0000 - 0x00007ffc8db43000 	C:\WINDOWS\system32\d3d11.dll
0x00007ffc90480000 - 0x00007ffc90573000 	C:\WINDOWS\system32\dxgi.dll
0x00007ffc8b610000 - 0x00007ffc8b817000 	C:\WINDOWS\system32\twinapi.appcore.dll
0x00007ffc8b010000 - 0x00007ffc8b109000 	C:\WINDOWS\SYSTEM32\textinputframework.dll
0x00007ffc8ee30000 - 0x00007ffc8f18e000 	C:\WINDOWS\System32\CoreUIComponents.dll
0x00007ffc8f190000 - 0x00007ffc8f282000 	C:\WINDOWS\System32\CoreMessaging.dll
0x00007ffc90ce0000 - 0x00007ffc90d13000 	C:\WINDOWS\SYSTEM32\ntmarta.dll
0x00007ffc8e710000 - 0x00007ffc8e864000 	C:\WINDOWS\SYSTEM32\wintypes.dll

dbghelp: loaded successfully - version: 4.0.5 - missing functions: none
symbol engine: initialized successfully - sym options: 0x614 - pdb path: .;C:\Program Files\Java\jdk-18.0.2.1\bin;C:\WINDOWS\SYSTEM32;C:\WINDOWS\WinSxS\amd64_microsoft.windows.common-controls_6595b64144ccf1df_6.0.19041.1110_none_60b5254171f9507e;C:\Program Files\Java\jdk-18.0.2.1\bin\server

VM Arguments:
jvm_args: -Dfile.encoding=windows-1252 --module-path=C:\Users\Acer\Documents\Downloads\mysql-connector-j-8.0.33\mysql-connector-j-8.0.33\mysql-connector-j-8.0.33.jar;C:\Users\Acer\Documents\Downloads\jcalendar-1.4.jar\jcalendar-1.4.jar -XX:+ShowCodeDetailsInExceptionMessages 
java_command: employee.management.system.AddEmployee
java_class_path (initial): C:\Users\Acer\eclipse-workspace\Employee Management System\bin
Launcher Type: SUN_STANDARD

[Global flags]
     intx CICompilerCount                          = 4                                         {product} {ergonomic}
     uint ConcGCThreads                            = 2                                         {product} {ergonomic}
     uint G1ConcRefinementThreads                  = 8                                         {product} {ergonomic}
   size_t G1HeapRegionSize                         = 1048576                                   {product} {ergonomic}
    uintx GCDrainStackTargetSize                   = 64                                        {product} {ergonomic}
   size_t InitialHeapSize                          = 132120576                                 {product} {ergonomic}
   size_t MarkStackSize                            = 4194304                                   {product} {ergonomic}
   size_t MaxHeapSize                              = 2107637760                                {product} {ergonomic}
   size_t MaxNewSize                               = 1264582656                                {product} {ergonomic}
   size_t MinHeapDeltaBytes                        = 1048576                                   {product} {ergonomic}
   size_t MinHeapSize                              = 8388608                                   {product} {ergonomic}
    uintx NonNMethodCodeHeapSize                   = 5839372                                {pd product} {ergonomic}
    uintx NonProfiledCodeHeapSize                  = 122909434                              {pd product} {ergonomic}
    uintx ProfiledCodeHeapSize                     = 122909434                              {pd product} {ergonomic}
    uintx ReservedCodeCacheSize                    = 251658240                              {pd product} {ergonomic}
     bool SegmentedCodeCache                       = true                                      {product} {ergonomic}
     bool ShowCodeDetailsInExceptionMessages       = true                                   {manageable} {command line}
   size_t SoftMaxHeapSize                          = 2107637760                             {manageable} {ergonomic}
     bool UseCompressedClassPointers               = true                           {product lp64_product} {ergonomic}
     bool UseCompressedOops                        = true                           {product lp64_product} {ergonomic}
     bool UseG1GC                                  = true                                      {product} {ergonomic}
     bool UseLargePagesIndividualAllocation        = false                                  {pd product} {ergonomic}

Logging:
Log output configuration:
 #0: stdout all=warning uptime,level,tags foldmultilines=false
 #1: stderr all=off uptime,level,tags foldmultilines=false

Environment Variables:
PATH=C:\Program Files\Common Files\Oracle\Java\javapath;C:\WINDOWS\system32;C:\WINDOWS;C:\WINDOWS\System32\Wbem;C:\WINDOWS\System32\WindowsPowerShell\v1.0\;C:\WINDOWS\System32\OpenSSH\;C:\Program Files\Git\cmd;C:\Program Files\MySQL\MySQL Shell 8.0\bin\;C:\Users\Acer\AppData\Local\Microsoft\WindowsApps;;C:\Users\Acer\AppData\Local\Programs\Microsoft VS Code\bin
USERNAME=Acer
OS=Windows_NT
PROCESSOR_IDENTIFIER=Intel64 Family 6 Model 158 Stepping 10, GenuineIntel



---------------  S Y S T E M  ---------------

OS:
 Windows 10 , 64 bit Build 19041 (10.0.19041.3031)
OS uptime: 9 days 22:20 hours

CPU: total 8 (initial active 8) (4 cores per cpu, 2 threads per core) family 6 model 158 stepping 10 microcode 0xb4, cx8, cmov, fxsr, ht, mmx, 3dnowpref, sse, sse2, sse3, ssse3, sse4.1, sse4.2, popcnt, lzcnt, tsc, tscinvbit, avx, avx2, aes, erms, clmul, bmi1, bmi2, adx, fma, vzeroupper, clflush, clflushopt

Memory: 4k page, system-wide physical 8034M (687M free)
TotalPageFile size 23088M (AvailPageFile size 4M)
current process WorkingSet (physical memory assigned to process): 96M, peak: 96M
current process commit charge ("private bytes"): 234M, peak: 237M

vm_info: Java HotSpot(TM) 64-Bit Server VM (18.0.2.1+1-1) for windows-amd64 JRE (18.0.2.1+1-1), built on Aug 16 2022 01:46:33 by "mach5one" with MS VC++ 16.8 / 16.9 (VS2019)

END.
